2019-01-13 03:35:45,519 CRIT Supervisor is running as root.  Privileges were not dropped because no user is specified in the config file.  If you intend to run as root, you can set user=root in the config file to avoid this message.
2019-01-13 03:35:45,530 INFO supervisord started with pid 1
2019-01-13 03:35:46,532 INFO spawned: 'nginx' with pid 7
2019-01-13 03:35:46,533 INFO spawned: 'php-fpm' with pid 8
2019-01-13 03:35:47,638 INFO success: nginx entered RUNNING state, process has stayed up for > than 1 seconds (startsecs)
2019-01-13 03:35:47,638 INFO success: php-fpm entered RUNNING state, process has stayed up for > than 1 seconds (startsecs)
2019-01-13 04:11:06,966 WARN received SIGINT indicating exit request
2019-01-13 04:11:06,969 INFO waiting for nginx, php-fpm to die
2019-01-13 04:11:06,970 INFO stopped: php-fpm (exit status 0)
2019-01-13 04:11:07,028 INFO stopped: nginx (exit status 0)
2019-01-13 04:11:50,584 CRIT Supervisor is running as root.  Privileges were not dropped because no user is specified in the config file.  If you intend to run as root, you can set user=root in the config file to avoid this message.
2019-01-13 04:11:50,597 INFO supervisord started with pid 1
2019-01-13 04:11:51,600 INFO spawned: 'nginx' with pid 7
2019-01-13 04:11:51,637 INFO spawned: 'php-fpm' with pid 9
2019-01-13 04:11:52,708 INFO success: nginx entered RUNNING state, process has stayed up for > than 1 seconds (startsecs)
2019-01-13 04:11:52,709 INFO success: php-fpm entered RUNNING state, process has stayed up for > than 1 seconds (startsecs)
2019-01-13 04:26:09,843 WARN received SIGINT indicating exit request
2019-01-13 04:26:09,847 INFO waiting for nginx, php-fpm to die
2019-01-13 04:26:09,850 INFO stopped: php-fpm (exit status 0)
2019-01-13 04:26:09,907 INFO stopped: nginx (exit status 0)
2019-01-13 04:29:47,959 CRIT Supervisor is running as root.  Privileges were not dropped because no user is specified in the config file.  If you intend to run as root, you can set user=root in the config file to avoid this message.
2019-01-13 04:29:47,970 INFO supervisord started with pid 1
2019-01-13 04:29:48,973 INFO spawned: 'nginx' with pid 7
2019-01-13 04:29:49,008 INFO spawned: 'php-fpm' with pid 9
2019-01-13 04:29:50,084 INFO success: nginx entered RUNNING state, process has stayed up for > than 1 seconds (startsecs)
2019-01-13 04:29:50,085 INFO success: php-fpm entered RUNNING state, process has stayed up for > than 1 seconds (startsecs)
2019-01-13 04:33:13,251 WARN received SIGINT indicating exit request
2019-01-13 04:33:13,255 INFO waiting for nginx, php-fpm to die
2019-01-13 04:33:13,256 INFO stopped: php-fpm (exit status 0)
2019-01-13 04:33:13,297 INFO stopped: nginx (exit status 0)
2019-01-13 04:41:12,390 CRIT Supervisor is running as root.  Privileges were not dropped because no user is specified in the config file.  If you intend to run as root, you can set user=root in the config file to avoid this message.
2019-01-13 04:41:12,402 INFO supervisord started with pid 1
2019-01-13 04:41:13,405 INFO spawned: 'nginx' with pid 7
2019-01-13 04:41:13,443 INFO spawned: 'php-fpm' with pid 8
2019-01-13 04:41:14,530 INFO success: nginx entered RUNNING state, process has stayed up for > than 1 seconds (startsecs)
2019-01-13 04:41:14,532 INFO success: php-fpm entered RUNNING state, process has stayed up for > than 1 seconds (startsecs)
2019-01-13 05:13:24,013 WARN received SIGINT indicating exit request
2019-01-13 05:13:24,018 INFO waiting for nginx, php-fpm to die
2019-01-13 05:13:24,019 INFO stopped: php-fpm (exit status 0)
2019-01-13 05:13:24,077 INFO stopped: nginx (exit status 0)
2019-01-13 05:14:06,744 CRIT Supervisor is running as root.  Privileges were not dropped because no user is specified in the config file.  If you intend to run as root, you can set user=root in the config file to avoid this message.
2019-01-13 05:14:06,756 INFO supervisord started with pid 1
2019-01-13 05:14:07,759 INFO spawned: 'nginx' with pid 7
2019-01-13 05:14:07,782 INFO spawned: 'php-fpm' with pid 8
2019-01-13 05:14:08,868 INFO success: nginx entered RUNNING state, process has stayed up for > than 1 seconds (startsecs)
2019-01-13 05:14:08,869 INFO success: php-fpm entered RUNNING state, process has stayed up for > than 1 seconds (startsecs)
2019-01-13 05:53:05,166 WARN received SIGINT indicating exit request
2019-01-13 05:53:05,170 INFO waiting for nginx, php-fpm to die
2019-01-13 05:53:05,171 INFO stopped: php-fpm (exit status 0)
2019-01-13 05:53:05,227 INFO stopped: nginx (exit status 0)
2019-01-13 05:57:18,579 CRIT Supervisor is running as root.  Privileges were not dropped because no user is specified in the config file.  If you intend to run as root, you can set user=root in the config file to avoid this message.
2019-01-13 05:57:18,589 INFO supervisord started with pid 1
2019-01-13 05:57:19,592 INFO spawned: 'nginx' with pid 7
2019-01-13 05:57:19,643 INFO spawned: 'php-fpm' with pid 9
2019-01-13 05:57:20,887 INFO success: nginx entered RUNNING state, process has stayed up for > than 1 seconds (startsecs)
2019-01-13 05:57:20,887 INFO success: php-fpm entered RUNNING state, process has stayed up for > than 1 seconds (startsecs)
2019-01-13 05:58:52,866 WARN received SIGINT indicating exit request
2019-01-13 05:58:52,868 INFO waiting for nginx, php-fpm to die
2019-01-13 05:58:52,869 INFO stopped: php-fpm (exit status 0)
2019-01-13 05:58:52,927 INFO stopped: nginx (exit status 0)
2019-01-13 05:58:56,809 CRIT Supervisor is running as root.  Privileges were not dropped because no user is specified in the config file.  If you intend to run as root, you can set user=root in the config file to avoid this message.
2019-01-13 05:58:56,818 INFO supervisord started with pid 1
2019-01-13 05:58:57,821 INFO spawned: 'nginx' with pid 7
2019-01-13 05:58:57,934 INFO spawned: 'php-fpm' with pid 9
2019-01-13 05:58:58,592 WARN received SIGINT indicating exit request
2019-01-13 05:58:58,600 INFO waiting for nginx, php-fpm to die
2019-01-13 05:58:58,602 INFO stopped: php-fpm (exit status 0)
2019-01-13 05:58:58,657 INFO stopped: nginx (exit status 0)
2019-01-13 05:59:46,946 CRIT Supervisor is running as root.  Privileges were not dropped because no user is specified in the config file.  If you intend to run as root, you can set user=root in the config file to avoid this message.
2019-01-13 05:59:46,957 INFO supervisord started with pid 1
2019-01-13 05:59:47,960 INFO spawned: 'nginx' with pid 7
2019-01-13 05:59:47,995 INFO spawned: 'php-fpm' with pid 8
2019-01-13 05:59:49,182 INFO success: nginx entered RUNNING state, process has stayed up for > than 1 seconds (startsecs)
2019-01-13 05:59:49,183 INFO success: php-fpm entered RUNNING state, process has stayed up for > than 1 seconds (startsecs)
2019-01-13 06:02:41,063 WARN received SIGINT indicating exit request
2019-01-13 06:02:41,066 INFO waiting for nginx, php-fpm to die
2019-01-13 06:02:41,068 INFO stopped: php-fpm (exit status 0)
2019-01-13 06:02:41,117 INFO stopped: nginx (exit status 0)
2019-01-13 06:03:28,285 CRIT Supervisor is running as root.  Privileges were not dropped because no user is specified in the config file.  If you intend to run as root, you can set user=root in the config file to avoid this message.
2019-01-13 06:03:28,297 INFO supervisord started with pid 1
2019-01-13 06:03:29,299 INFO spawned: 'nginx' with pid 7
2019-01-13 06:03:29,389 INFO spawned: 'php-fpm' with pid 9
2019-01-13 06:03:30,499 INFO success: nginx entered RUNNING state, process has stayed up for > than 1 seconds (startsecs)
2019-01-13 06:03:30,500 INFO success: php-fpm entered RUNNING state, process has stayed up for > than 1 seconds (startsecs)
2019-01-16 18:01:16,237 CRIT Supervisor is running as root.  Privileges were not dropped because no user is specified in the config file.  If you intend to run as root, you can set user=root in the config file to avoid this message.
2019-01-16 18:01:16,247 INFO supervisord started with pid 1
2019-01-16 18:01:17,250 INFO spawned: 'nginx' with pid 7
2019-01-16 18:01:17,255 INFO spawned: 'php-fpm' with pid 8
2019-01-16 18:01:18,429 INFO success: nginx entered RUNNING state, process has stayed up for > than 1 seconds (startsecs)
2019-01-16 18:01:18,430 INFO success: php-fpm entered RUNNING state, process has stayed up for > than 1 seconds (startsecs)
2019-01-30 13:56:20,726 CRIT Supervisor is running as root.  Privileges were not dropped because no user is specified in the config file.  If you intend to run as root, you can set user=root in the config file to avoid this message.
2019-01-30 13:56:20,739 INFO supervisord started with pid 1
2019-01-30 13:56:21,742 INFO spawned: 'nginx' with pid 7
2019-01-30 13:56:21,747 INFO spawned: 'php-fpm' with pid 8
2019-01-30 13:56:22,947 INFO success: nginx entered RUNNING state, process has stayed up for > than 1 seconds (startsecs)
2019-01-30 13:56:22,947 INFO success: php-fpm entered RUNNING state, process has stayed up for > than 1 seconds (startsecs)
2019-02-17 22:47:53,595 CRIT Supervisor is running as root.  Privileges were not dropped because no user is specified in the config file.  If you intend to run as root, you can set user=root in the config file to avoid this message.
2019-02-17 22:47:53,605 INFO supervisord started with pid 1
2019-02-17 22:47:54,608 INFO spawned: 'nginx' with pid 7
2019-02-17 22:47:54,614 INFO spawned: 'php-fpm' with pid 8
2019-02-17 22:47:55,793 INFO success: nginx entered RUNNING state, process has stayed up for > than 1 seconds (startsecs)
2019-02-17 22:47:55,794 INFO success: php-fpm entered RUNNING state, process has stayed up for > than 1 seconds (startsecs)
2019-02-23 20:44:46,161 WARN received SIGINT indicating exit request
2019-02-23 20:44:46,168 INFO waiting for nginx, php-fpm to die
2019-02-23 20:44:46,179 INFO stopped: php-fpm (exit status 0)
2019-02-23 20:44:46,227 INFO stopped: nginx (exit status 0)
2019-02-23 20:47:28,384 CRIT Supervisor is running as root.  Privileges were not dropped because no user is specified in the config file.  If you intend to run as root, you can set user=root in the config file to avoid this message.
2019-02-23 20:47:28,391 INFO supervisord started with pid 6
2019-02-23 20:47:29,394 INFO spawned: 'nginx' with pid 8
2019-02-23 20:47:29,401 INFO spawned: 'php-fpm' with pid 9
2019-02-23 20:47:30,442 INFO success: nginx entered RUNNING state, process has stayed up for > than 1 seconds (startsecs)
2019-02-23 20:47:30,443 INFO success: php-fpm entered RUNNING state, process has stayed up for > than 1 seconds (startsecs)
2019-02-24 00:32:02,857 WARN received SIGINT indicating exit request
2019-02-24 00:32:02,861 INFO waiting for nginx, php-fpm to die
2019-02-24 00:32:02,881 INFO stopped: php-fpm (exit status 0)
2019-02-24 00:32:02,916 INFO stopped: nginx (exit status 0)
2019-02-24 00:32:09,188 CRIT Supervisor is running as root.  Privileges were not dropped because no user is specified in the config file.  If you intend to run as root, you can set user=root in the config file to avoid this message.
2019-02-24 00:32:09,200 INFO supervisord started with pid 36
2019-02-24 00:32:10,202 INFO spawned: 'nginx' with pid 38
2019-02-24 00:32:10,207 INFO spawned: 'php-fpm' with pid 39
2019-02-24 00:32:11,274 INFO success: nginx entered RUNNING state, process has stayed up for > than 1 seconds (startsecs)
2019-02-24 00:32:11,275 INFO success: php-fpm entered RUNNING state, process has stayed up for > than 1 seconds (startsecs)
2019-02-24 00:47:12,415 WARN received SIGINT indicating exit request
2019-02-24 00:47:12,418 INFO waiting for nginx, php-fpm to die
2019-02-24 00:47:12,432 INFO stopped: php-fpm (exit status 0)
2019-02-24 00:47:12,477 INFO stopped: nginx (exit status 0)
2019-02-24 00:47:41,028 CRIT Supervisor is running as root.  Privileges were not dropped because no user is specified in the config file.  If you intend to run as root, you can set user=root in the config file to avoid this message.
2019-02-24 00:47:41,040 INFO supervisord started with pid 45
2019-02-24 00:47:42,043 INFO spawned: 'nginx' with pid 47
2019-02-24 00:47:42,050 INFO spawned: 'php-fpm' with pid 48
2019-02-24 00:47:43,103 INFO success: nginx entered RUNNING state, process has stayed up for > than 1 seconds (startsecs)
2019-02-24 00:47:43,104 INFO success: php-fpm entered RUNNING state, process has stayed up for > than 1 seconds (startsecs)
2019-02-24 00:54:58,513 WARN received SIGINT indicating exit request
2019-02-24 00:54:58,513 INFO waiting for nginx, php-fpm to die
2019-02-24 00:54:58,527 INFO stopped: php-fpm (exit status 0)
2019-02-24 00:54:58,577 INFO stopped: nginx (exit status 0)
2019-02-24 00:55:07,855 CRIT Supervisor is running as root.  Privileges were not dropped because no user is specified in the config file.  If you intend to run as root, you can set user=root in the config file to avoid this message.
2019-02-24 00:55:07,866 INFO supervisord started with pid 53
2019-02-24 00:55:08,869 INFO spawned: 'nginx' with pid 55
2019-02-24 00:55:08,877 INFO spawned: 'php-fpm' with pid 56
2019-02-24 00:55:09,930 INFO success: nginx entered RUNNING state, process has stayed up for > than 1 seconds (startsecs)
2019-02-24 00:55:09,931 INFO success: php-fpm entered RUNNING state, process has stayed up for > than 1 seconds (startsecs)
2019-02-24 01:39:50,036 WARN received SIGINT indicating exit request
2019-02-24 01:39:50,039 INFO waiting for nginx, php-fpm to die
2019-02-24 01:39:50,055 INFO stopped: php-fpm (exit status 0)
2019-02-24 01:39:50,097 INFO stopped: nginx (exit status 0)
2019-02-24 01:39:54,059 CRIT Supervisor is running as root.  Privileges were not dropped because no user is specified in the config file.  If you intend to run as root, you can set user=root in the config file to avoid this message.
2019-02-24 01:39:54,071 INFO supervisord started with pid 60
2019-02-24 01:39:55,073 INFO spawned: 'nginx' with pid 62
2019-02-24 01:39:55,082 INFO spawned: 'php-fpm' with pid 63
2019-02-24 01:39:56,154 INFO success: nginx entered RUNNING state, process has stayed up for > than 1 seconds (startsecs)
2019-02-24 01:39:56,155 INFO success: php-fpm entered RUNNING state, process has stayed up for > than 1 seconds (startsecs)
2019-02-24 01:56:56,578 WARN received SIGINT indicating exit request
2019-02-24 01:56:56,581 INFO waiting for nginx, php-fpm to die
2019-02-24 01:56:56,597 INFO stopped: php-fpm (exit status 0)
2019-02-24 01:56:56,636 INFO stopped: nginx (exit status 0)
2019-02-24 01:57:15,447 CRIT Supervisor is running as root.  Privileges were not dropped because no user is specified in the config file.  If you intend to run as root, you can set user=root in the config file to avoid this message.
2019-02-24 01:57:15,456 INFO supervisord started with pid 69
2019-02-24 01:57:16,458 INFO spawned: 'nginx' with pid 71
2019-02-24 01:57:16,466 INFO spawned: 'php-fpm' with pid 72
2019-02-24 01:57:17,520 INFO success: nginx entered RUNNING state, process has stayed up for > than 1 seconds (startsecs)
2019-02-24 01:57:17,521 INFO success: php-fpm entered RUNNING state, process has stayed up for > than 1 seconds (startsecs)
2019-02-24 03:57:44,573 WARN received SIGINT indicating exit request
2019-02-24 03:57:44,578 INFO waiting for nginx, php-fpm to die
2019-02-24 03:57:44,580 INFO stopped: php-fpm (exit status 0)
2019-02-24 03:57:44,637 INFO stopped: nginx (exit status 0)
2019-02-24 04:02:30,050 CRIT Supervisor is running as root.  Privileges were not dropped because no user is specified in the config file.  If you intend to run as root, you can set user=root in the config file to avoid this message.
2019-02-24 04:02:30,062 INFO supervisord started with pid 95
2019-02-24 04:02:31,064 INFO spawned: 'nginx' with pid 97
2019-02-24 04:02:31,073 INFO spawned: 'php-fpm' with pid 98
2019-02-24 04:02:32,131 INFO success: nginx entered RUNNING state, process has stayed up for > than 1 seconds (startsecs)
2019-02-24 04:02:32,131 INFO success: php-fpm entered RUNNING state, process has stayed up for > than 1 seconds (startsecs)
2019-02-24 04:18:35,750 WARN received SIGINT indicating exit request
2019-02-24 04:18:35,754 INFO waiting for nginx, php-fpm to die
2019-02-24 04:18:35,755 INFO stopped: php-fpm (exit status 0)
2019-02-24 04:18:35,807 INFO stopped: nginx (exit status 0)
2019-02-24 04:20:26,439 CRIT Supervisor is running as root.  Privileges were not dropped because no user is specified in the config file.  If you intend to run as root, you can set user=root in the config file to avoid this message.
2019-02-24 04:20:26,448 INFO supervisord started with pid 103
2019-02-24 04:20:27,450 INFO spawned: 'nginx' with pid 105
2019-02-24 04:20:27,452 INFO spawned: 'php-fpm' with pid 106
2019-02-24 04:20:28,519 INFO success: nginx entered RUNNING state, process has stayed up for > than 1 seconds (startsecs)
2019-02-24 04:20:28,520 INFO success: php-fpm entered RUNNING state, process has stayed up for > than 1 seconds (startsecs)
2019-02-24 12:03:17,843 WARN received SIGINT indicating exit request
2019-02-24 12:03:17,846 INFO waiting for nginx, php-fpm to die
2019-02-24 12:03:17,846 INFO stopped: php-fpm (exit status 0)
2019-02-24 12:03:17,907 INFO stopped: nginx (exit status 0)
2019-03-03 19:58:16,123 CRIT Supervisor is running as root.  Privileges were not dropped because no user is specified in the config file.  If you intend to run as root, you can set user=root in the config file to avoid this message.
2019-03-03 19:58:16,130 INFO supervisord started with pid 1
2019-03-03 19:58:17,133 INFO spawned: 'nginx' with pid 7
2019-03-03 19:58:17,143 INFO spawned: 'php-fpm' with pid 9
2019-03-03 19:58:18,179 INFO success: nginx entered RUNNING state, process has stayed up for > than 1 seconds (startsecs)
2019-03-03 19:58:18,180 INFO success: php-fpm entered RUNNING state, process has stayed up for > than 1 seconds (startsecs)
2019-03-14 00:56:25,412 CRIT Supervisor is running as root.  Privileges were not dropped because no user is specified in the config file.  If you intend to run as root, you can set user=root in the config file to avoid this message.
2019-03-14 00:56:25,423 INFO supervisord started with pid 1
2019-03-14 00:56:26,425 INFO spawned: 'nginx' with pid 7
2019-03-14 00:56:26,431 INFO spawned: 'php-fpm' with pid 8
2019-03-14 00:56:27,615 INFO success: nginx entered RUNNING state, process has stayed up for > than 1 seconds (startsecs)
2019-03-14 00:56:27,615 INFO success: php-fpm entered RUNNING state, process has stayed up for > than 1 seconds (startsecs)
