2013/11/25 12:18:23 [error] [system.db.CDbCommand] CDbCommand::() failed: SQLSTATE[23000]: Integrity constraint violation: 1062 Duplicate entry '28026098' for key 'PRIMARY'. The SQL statement executed was: INSERT INTO school_identification VALUES ("00", "28026098", "1", "25/02/2013", "12/12/2013", "ESCOLA MUL DE ENS FUN ARGEMIRO FRANKLIN DO AMOR", "-11.6516667", "-37.9622222", "49230000", "POVOADO BOTEQUIM", null, null, "ZONA RURAL", "28", "2806305", "05", "79", "37519011", null, null, null, "SEMESLI.SE@HOTMAIL.COM", "00001", "3", "2", null, null, null, null, null, null, null, null, null, "1"),
("00", "28026128", "1", "25/02/2013", "12/12/2013", "ESCOLA MUN DE ENSINO FUND NICOLAU C DOS SANTOS", "-11.7147222", "-37.8027778", "49230000", "POVOADO TABOA", null, null, null, "28", "2806305", "05", null, null, null, null, null, "SEMESLI.SE@HOTMAIL.COM", "00001", "3", "2", null, null, null, null, null, null, null, null, null, "2"),
("00", "28032071", "1", "25/02/2013", "12/12/2013", "ESCOLA MUL DE ENS FUND ANTONIO RIBEIRO SOUTELO", "-11.3472222", "-37.4427778", "49230000", "RUA ANTONIO RIBEIRO SOUTELO", "13", null, "CENTRO", "28", "2806305", "05", null, null, null, null, null, null, "00001", "3", "1", null, null, null, null, null, null, null, null, null, "1"),
("00", "28025911", "1", "25/02/2013", "10/12/2013", "ESC MUL DE ENSINO FUNDAMENTAL ACRISIO CRUZ", "-11.6122222", "-37.9897222", "49230000", "POVOADO CAMPO DE NOSSA SENHORA", null, null, null, "28", "2806305", "05", "79", "35479068", null, null, null, "SEMESLI.SE@HOTMAIL.COM", "00001", "3", "2", null, null, null, null, null, null, null, null, null, "1"),
("00", "28026020", "2", null, null, "ESC MUL DE ENS FUND MONS JOSE PAES DE SANTIAGO", null, null, "49230000", "POV PIASSAVA", null, null, null, "28", "2806305", "05", null, null, null, null, null, null, null, "3", "2", null, null, null, null, null, null, null, null, null, null),
("00", "28026110", "2", null, null, "ESCOLA MUL DE ENSINO FUND NORBERTO JOSE CARDOSO", null, null, "49230000", "POVOADO MURICI", null, null, null, "28", "2806305", "05", null, null, null, null, null, null, null, "3", "2", null, null, null, null, null, null, null, null, null, null),
("00", "28025962", "2", null, null, "ESC MUL DE ENS FUND ESMERALDO VIEIRA DA COSTA", null, null, "49230000", "POV RETIRO", null, null, null, "28", "2806305", "05", null, null, null, null, null, null, null, "3", "2", null, null, null, null, null, null, null, null, null, null),
("00", "28026080", "1", "25/02/2013", "12/12/2013", "ESCOLA MUL DE ENSINO FUND ADELSON SILVEIRA LIMA", "-11.5911111", "-37.1047222", "49230000", "POVOADO PICARREIRA", null, null, null, "28", "2806305", "05", null, null, null, null, null, "ESCOLAASL@HOTMAIL.COM", "00001", "3", "2", null, null, null, null, null, null, null, null, null, "1"),
("00", "28026179", "1", "25/02/2013", "12/12/2013", "ESCOLA MUL DE ENSINO INF SIT DO PICA PAU AMARELO", "-11.3730556", "-37.4030556", "49230000", "CONJUNTO ALBANO FRANCO", "100", "POVOADO CRASTO", null, "28", "2806305", "05", null, null, null, null, null, null, "00001", "3", "2", null, null, null, null, null, null, null, null, null, "1"),
("00", "28032829", "2", null, null, "ESC MUL DO ENS FUND VER JOSE R LEAL DOS SANTOS", null, null, "49230000", "POVOADO BONFIM", null, null, null, "28", "2806305", "05", null, null, null, null, null, null, null, "3", "2", null, null, null, null, null, null, null, null, null, null),
("00", "28025920", "2", null, null, "ESC MUL ADOLFO AMADO", null, null, "49230000", "POVOADO MALICA", null, null, null, "28", "2806305", "05", null, null, null, null, null, null, null, "3", "2", null, null, null, null, null, null, null, null, null, null),
("00", "28025938", "2", null, null, "ESC MUL ANTONIO VIEIRA LIMA", null, null, "49230000", "POVOADO BODE", null, null, null, "28", "2806305", "05", null, null, null, null, null, null, null, "3", "2", null, null, null, null, null, null, null, null, null, null),
("00", "28026063", "1", "25/02/2013", "12/12/2013", "ESC MUL DE ENS FUND RAIMUNDO CARVALHO DE MENESES", "-11.5261111", "-37.7097222", "49230000", "POVOADO RUA DA PALHA", "SN", null, null, "28", "2806305", "05", "79", "35487093", "35487092", null, null, "RAIMUNDO_CARVALHO@HOTMAIL.COM", "00001", "3", "2", null, null, null, null, null, null, null, null, null, "1"),
("00", "28025989", "1", "25/02/2013", "12/12/2013", "ESC MUL DE ENS FUND JOAO BATISTA DA COSTA", "-11.4727778", "-37.6561111", "49230000", "POVOADO COQUEIRO", null, null, null, "28", "2806305", "05", null, null, null, null, null, "SEMESLI.SE@HOTMAIL.COM", "00001", "3", "2", null, null, null, null, null, null, null, null, null, "2"),
("00", "28026012", "1", "25/02/2013", "12/12/2013", "ESC MUL FUNDAMENTAL LUIZ CAMPOS", "-11.3569444", "-37.5158333", "49230000", "POVOADO BOM VIVER", null, null, null, "28", "2806305", "05", null, null, null, null, null, "SEMESLI.SE@HOTMAIL.COM", "00001", "3", "2", null, null, null, null, null, null, null, null, null, "2"),
("00", "28026055", "1", "25/02/2013", "12/12/2013", "ESC MUL DE ENS FUNDAMENTAL PE GASPAR LOURENCO", "-11.6561111", "-37.9947222", "49230000", "POVOADO MANGABEIRA", null, null, null, "28", "2806305", "05", null, null, null, null, null, "SEMESLI.SE@HOTMAIL.COM", "00001", "3", "2", null, null, null, null, null, null, null, null, null, "2"),
("00", "28026144", "1", "25/02/2013", "12/12/2013", "ESCOLA MUNIC DE ENSINO FUND EDMAR JOSE DA CRUZ", "-11.3647222", "-37.4586111", "49230000", "COLONIA PRIAPU", null, null, null, "28", "2806305", "05", "79", "35481431", null, null, null, "SEMESLI.SE@HOTMAIL.COM", "00001", "3", "2", null, null, null, null, null, null, null, null, null, "1"),
("00", "28026152", "1", "25/02/2013", "12/12/2013", "ESCOLA MUL DE ENSI FUND REUNIDAS", "-11.3747222", "-37.41", "49230000", "RUA GOVERNADOR JOAO ALVES FILHO", "57", null, null, "28", "2806305", "05", "79", null, "35485144", "35485145", null, "EMEF_REUNIDAS@HOTMAIL.COM", "00001", "3", "2", null, null, null, null, null, null, null, null, null, "1"),
("00", "28026187", "1", "25/02/2013", "12/12/2013", "ESC MUL DE ENSINO INFANTIL CINDERELA", "-11.3472222", "-37.4427778", "49230000", "RUA ANTONIO RIBEIRO SOUTELO", "9", null, "CENTRO", "28", "2806305", "05", "79", "35481638", null, null, null, "SEMESLI.SE@HOTMAIL.COM", "00001", "3", "1", null, null, null, null, null, null, null, null, null, "2"),
("00", "28026209", "2", null, null, "PRE ESCOLAR FADA MADRINHA", null, null, "49230000", "POVOADO PICARREIRA", null, null, null, "28", "2806305", "05", null, null, null, null, null, null, null, "3", "2", null, null, null, null, null, null, null, null, null, null),
("00", "28025970", "1", "25/02/2013", "12/12/2013", "ESC MUL DE ENS FUND IDALINA MARIA COSTA", "-11.575", "-37.9697222", "49230000", "POVOADO FEIRINHA", null, null, null, "28", "2806305", "05", null, null, null, null, null, "SEMESLI.SE@HOTMAIL.COM", "00001", "3", "2", null, null, null, null, null, null, null, null, null, "2"),
("00", "28026101", "1", "25/02/2013", "11/12/2013", "ESCOLA MUL DE ENS FUND VEREADOR JOSE LAURINDO DOS SANTOS", "-11.3636111", "-37.4811111", "49230000", "POVOADO PAU TORTO", null, null, null, "28", "2806305", "05", null, null, null, null, null, "SEMESLI.SE@HOTMAIL.COM", "00001", "3", "2", null, null, null, null, null, null, null, null, null, "2"),
("00", "28042000", "1", "25/02/2013", "12/12/2013", "ESCOLA MUNICIPAL DE ENSINO FUNDAMENTAL JESSE DA SILVA PRADO", "-11.3508333", "-37.4505556", "49230000", "RUA PADRE JOAO FLORENCIO", "36", null, "CENTRO", "28", "2806305", "05", "79", "35481431", null, null, null, "JESSEDASILVAPRADO@HOTMAIL.COM", "00001", "3", "1", null, null, null, null, null, null, null, null, null, "1"),
("00", "28026004", "2", null, null, "ESC MUL LEONEL MARQUES AQUINO", null, null, "49230000", "POVOADO CAITITU", null, null, null, "28", "2806305", "05", null, null, null, null, null, null, null, "3", "2", null, null, null, null, null, null, null, null, null, null),
("00", "28026039", "1", "25/02/2013", "12/12/2013", "ESC MUL DE ENS FUND PAULO DE SOUZA VIEIRA", "-11.3188889", "-37.5352778", "49230000", "POVOADO AREIA BRANCA", null, null, null, "28", "2806305", "05", null, null, null, null, null, "PAULODESOUZAVIEIRA@LIVE.COM", "00001", "3", "2", null, null, null, null, null, null, null, null, null, "1"),
("00", "28026071", "1", "25/02/2013", "12/12/2013", "ESC MUL DE ENSINO FUND SENADOR LEITE NETO", "-11.7519444", "-37.7672222", "49230000", "POVOADO CAJAZEIRAS", null, null, null, "28", "2806305", "05", null, null, null, null, null, "ESCOLALEITENETO@HOTMAIL.COM", "00001", "3", "2", null, null, null, null, null, null, null, null, null, "1"),
("00", "28026195", "2", null, null, "ESCOLA MUNC DE ENS INFANTIL CASINHA FELIZ", null, null, "49230000", "POVOADO RUA DA PALHA", null, null, null, "28", "2806305", "05", null, null, null, null, null, null, null, "3", "2", null, null, null, null, null, null, null, null, null, null),
("00", "28030982", "2", null, null, "ESCOLA MUNICIPAL DE ENSINO INFANTIL JARDIM DA VIDA", null, null, "49230000", "RUA PADRE JOAO FLORENCIO", null, null, null, "28", "2806305", "05", null, null, null, null, null, null, null, "3", "1", null, null, null, null, null, null, null, null, null, null),
("00", "28026047", "1", "25/02/2013", "12/12/2013", "ESC MUL DE ENS FUN VEREADOR PAULO FERNANDO RIBEIRO SOUTELO", "-11.6430556", "-37.7097222", "49230000", "POVOADO PEDRA FURADA", null, null, null, "28", "2806305", "05", "79", null, "35481443", null, null, "SEMESLI.SE@HOTMAIL.COM", "00001", "3", "2", null, null, null, null, null, null, null, null, null, "2"),
("00", "28026136", "1", "25/02/2013", "12/12/2013", "ESC MUL DE ENS FUND EDESIO SOUZA NERIS", "-11.5908333", "-37.9861111", "49230000", "POVOADO GONCALA", null, null, null, "28", "2806305", "05", null, null, null, null, null, "SEMESLI.SE@HOTMAIL.COM", "00001", "3", "2", null, null, null, null, null, null, null, null, null, "2"),
("00", "28032837", "1", "25/02/2013", "12/12/2013", "ESC MUN DE ENS FND VR JOSE VICENTE G DIAS", "-11.5752778", "-38.0038889", "49230000", "POVOADO RIACHO DO MARCO", null, null, null, "28", "2806305", "05", "79", null, "35489903", null, null, "SEMESLI.SE@HOTMAIL.COM", "00001", "3", "2", null, null, null, null, null, null, null, null, null, "2");.
in /var/www/tag3/app/controllers/SchoolIdentificationController.php (294)
in /var/www/tag3/index.php (13)
2013/11/25 12:18:23 [error] [exception.CDbException] exception 'CDbException' with message 'CDbCommand failed to execute the SQL statement: SQLSTATE[23000]: Integrity constraint violation: 1062 Duplicate entry '28026098' for key 'PRIMARY'. The SQL statement executed was: INSERT INTO school_identification VALUES ("00", "28026098", "1", "25/02/2013", "12/12/2013", "ESCOLA MUL DE ENS FUN ARGEMIRO FRANKLIN DO AMOR", "-11.6516667", "-37.9622222", "49230000", "POVOADO BOTEQUIM", null, null, "ZONA RURAL", "28", "2806305", "05", "79", "37519011", null, null, null, "SEMESLI.SE@HOTMAIL.COM", "00001", "3", "2", null, null, null, null, null, null, null, null, null, "1"),
("00", "28026128", "1", "25/02/2013", "12/12/2013", "ESCOLA MUN DE ENSINO FUND NICOLAU C DOS SANTOS", "-11.7147222", "-37.8027778", "49230000", "POVOADO TABOA", null, null, null, "28", "2806305", "05", null, null, null, null, null, "SEMESLI.SE@HOTMAIL.COM", "00001", "3", "2", null, null, null, null, null, null, null, null, null, "2"),
("00", "28032071", "1", "25/02/2013", "12/12/2013", "ESCOLA MUL DE ENS FUND ANTONIO RIBEIRO SOUTELO", "-11.3472222", "-37.4427778", "49230000", "RUA ANTONIO RIBEIRO SOUTELO", "13", null, "CENTRO", "28", "2806305", "05", null, null, null, null, null, null, "00001", "3", "1", null, null, null, null, null, null, null, null, null, "1"),
("00", "28025911", "1", "25/02/2013", "10/12/2013", "ESC MUL DE ENSINO FUNDAMENTAL ACRISIO CRUZ", "-11.6122222", "-37.9897222", "49230000", "POVOADO CAMPO DE NOSSA SENHORA", null, null, null, "28", "2806305", "05", "79", "35479068", null, null, null, "SEMESLI.SE@HOTMAIL.COM", "00001", "3", "2", null, null, null, null, null, null, null, null, null, "1"),
("00", "28026020", "2", null, null, "ESC MUL DE ENS FUND MONS JOSE PAES DE SANTIAGO", null, null, "49230000", "POV PIASSAVA", null, null, null, "28", "2806305", "05", null, null, null, null, null, null, null, "3", "2", null, null, null, null, null, null, null, null, null, null),
("00", "28026110", "2", null, null, "ESCOLA MUL DE ENSINO FUND NORBERTO JOSE CARDOSO", null, null, "49230000", "POVOADO MURICI", null, null, null, "28", "2806305", "05", null, null, null, null, null, null, null, "3", "2", null, null, null, null, null, null, null, null, null, null),
("00", "28025962", "2", null, null, "ESC MUL DE ENS FUND ESMERALDO VIEIRA DA COSTA", null, null, "49230000", "POV RETIRO", null, null, null, "28", "2806305", "05", null, null, null, null, null, null, null, "3", "2", null, null, null, null, null, null, null, null, null, null),
("00", "28026080", "1", "25/02/2013", "12/12/2013", "ESCOLA MUL DE ENSINO FUND ADELSON SILVEIRA LIMA", "-11.5911111", "-37.1047222", "49230000", "POVOADO PICARREIRA", null, null, null, "28", "2806305", "05", null, null, null, null, null, "ESCOLAASL@HOTMAIL.COM", "00001", "3", "2", null, null, null, null, null, null, null, null, null, "1"),
("00", "28026179", "1", "25/02/2013", "12/12/2013", "ESCOLA MUL DE ENSINO INF SIT DO PICA PAU AMARELO", "-11.3730556", "-37.4030556", "49230000", "CONJUNTO ALBANO FRANCO", "100", "POVOADO CRASTO", null, "28", "2806305", "05", null, null, null, null, null, null, "00001", "3", "2", null, null, null, null, null, null, null, null, null, "1"),
("00", "28032829", "2", null, null, "ESC MUL DO ENS FUND VER JOSE R LEAL DOS SANTOS", null, null, "49230000", "POVOADO BONFIM", null, null, null, "28", "2806305", "05", null, null, null, null, null, null, null, "3", "2", null, null, null, null, null, null, null, null, null, null),
("00", "28025920", "2", null, null, "ESC MUL ADOLFO AMADO", null, null, "49230000", "POVOADO MALICA", null, null, null, "28", "2806305", "05", null, null, null, null, null, null, null, "3", "2", null, null, null, null, null, null, null, null, null, null),
("00", "28025938", "2", null, null, "ESC MUL ANTONIO VIEIRA LIMA", null, null, "49230000", "POVOADO BODE", null, null, null, "28", "2806305", "05", null, null, null, null, null, null, null, "3", "2", null, null, null, null, null, null, null, null, null, null),
("00", "28026063", "1", "25/02/2013", "12/12/2013", "ESC MUL DE ENS FUND RAIMUNDO CARVALHO DE MENESES", "-11.5261111", "-37.7097222", "49230000", "POVOADO RUA DA PALHA", "SN", null, null, "28", "2806305", "05", "79", "35487093", "35487092", null, null, "RAIMUNDO_CARVALHO@HOTMAIL.COM", "00001", "3", "2", null, null, null, null, null, null, null, null, null, "1"),
("00", "28025989", "1", "25/02/2013", "12/12/2013", "ESC MUL DE ENS FUND JOAO BATISTA DA COSTA", "-11.4727778", "-37.6561111", "49230000", "POVOADO COQUEIRO", null, null, null, "28", "2806305", "05", null, null, null, null, null, "SEMESLI.SE@HOTMAIL.COM", "00001", "3", "2", null, null, null, null, null, null, null, null, null, "2"),
("00", "28026012", "1", "25/02/2013", "12/12/2013", "ESC MUL FUNDAMENTAL LUIZ CAMPOS", "-11.3569444", "-37.5158333", "49230000", "POVOADO BOM VIVER", null, null, null, "28", "2806305", "05", null, null, null, null, null, "SEMESLI.SE@HOTMAIL.COM", "00001", "3", "2", null, null, null, null, null, null, null, null, null, "2"),
("00", "28026055", "1", "25/02/2013", "12/12/2013", "ESC MUL DE ENS FUNDAMENTAL PE GASPAR LOURENCO", "-11.6561111", "-37.9947222", "49230000", "POVOADO MANGABEIRA", null, null, null, "28", "2806305", "05", null, null, null, null, null, "SEMESLI.SE@HOTMAIL.COM", "00001", "3", "2", null, null, null, null, null, null, null, null, null, "2"),
("00", "28026144", "1", "25/02/2013", "12/12/2013", "ESCOLA MUNIC DE ENSINO FUND EDMAR JOSE DA CRUZ", "-11.3647222", "-37.4586111", "49230000", "COLONIA PRIAPU", null, null, null, "28", "2806305", "05", "79", "35481431", null, null, null, "SEMESLI.SE@HOTMAIL.COM", "00001", "3", "2", null, null, null, null, null, null, null, null, null, "1"),
("00", "28026152", "1", "25/02/2013", "12/12/2013", "ESCOLA MUL DE ENSI FUND REUNIDAS", "-11.3747222", "-37.41", "49230000", "RUA GOVERNADOR JOAO ALVES FILHO", "57", null, null, "28", "2806305", "05", "79", null, "35485144", "35485145", null, "EMEF_REUNIDAS@HOTMAIL.COM", "00001", "3", "2", null, null, null, null, null, null, null, null, null, "1"),
("00", "28026187", "1", "25/02/2013", "12/12/2013", "ESC MUL DE ENSINO INFANTIL CINDERELA", "-11.3472222", "-37.4427778", "49230000", "RUA ANTONIO RIBEIRO SOUTELO", "9", null, "CENTRO", "28", "2806305", "05", "79", "35481638", null, null, null, "SEMESLI.SE@HOTMAIL.COM", "00001", "3", "1", null, null, null, null, null, null, null, null, null, "2"),
("00", "28026209", "2", null, null, "PRE ESCOLAR FADA MADRINHA", null, null, "49230000", "POVOADO PICARREIRA", null, null, null, "28", "2806305", "05", null, null, null, null, null, null, null, "3", "2", null, null, null, null, null, null, null, null, null, null),
("00", "28025970", "1", "25/02/2013", "12/12/2013", "ESC MUL DE ENS FUND IDALINA MARIA COSTA", "-11.575", "-37.9697222", "49230000", "POVOADO FEIRINHA", null, null, null, "28", "2806305", "05", null, null, null, null, null, "SEMESLI.SE@HOTMAIL.COM", "00001", "3", "2", null, null, null, null, null, null, null, null, null, "2"),
("00", "28026101", "1", "25/02/2013", "11/12/2013", "ESCOLA MUL DE ENS FUND VEREADOR JOSE LAURINDO DOS SANTOS", "-11.3636111", "-37.4811111", "49230000", "POVOADO PAU TORTO", null, null, null, "28", "2806305", "05", null, null, null, null, null, "SEMESLI.SE@HOTMAIL.COM", "00001", "3", "2", null, null, null, null, null, null, null, null, null, "2"),
("00", "28042000", "1", "25/02/2013", "12/12/2013", "ESCOLA MUNICIPAL DE ENSINO FUNDAMENTAL JESSE DA SILVA PRADO", "-11.3508333", "-37.4505556", "49230000", "RUA PADRE JOAO FLORENCIO", "36", null, "CENTRO", "28", "2806305", "05", "79", "35481431", null, null, null, "JESSEDASILVAPRADO@HOTMAIL.COM", "00001", "3", "1", null, null, null, null, null, null, null, null, null, "1"),
("00", "28026004", "2", null, null, "ESC MUL LEONEL MARQUES AQUINO", null, null, "49230000", "POVOADO CAITITU", null, null, null, "28", "2806305", "05", null, null, null, null, null, null, null, "3", "2", null, null, null, null, null, null, null, null, null, null),
("00", "28026039", "1", "25/02/2013", "12/12/2013", "ESC MUL DE ENS FUND PAULO DE SOUZA VIEIRA", "-11.3188889", "-37.5352778", "49230000", "POVOADO AREIA BRANCA", null, null, null, "28", "2806305", "05", null, null, null, null, null, "PAULODESOUZAVIEIRA@LIVE.COM", "00001", "3", "2", null, null, null, null, null, null, null, null, null, "1"),
("00", "28026071", "1", "25/02/2013", "12/12/2013", "ESC MUL DE ENSINO FUND SENADOR LEITE NETO", "-11.7519444", "-37.7672222", "49230000", "POVOADO CAJAZEIRAS", null, null, null, "28", "2806305", "05", null, null, null, null, null, "ESCOLALEITENETO@HOTMAIL.COM", "00001", "3", "2", null, null, null, null, null, null, null, null, null, "1"),
("00", "28026195", "2", null, null, "ESCOLA MUNC DE ENS INFANTIL CASINHA FELIZ", null, null, "49230000", "POVOADO RUA DA PALHA", null, null, null, "28", "2806305", "05", null, null, null, null, null, null, null, "3", "2", null, null, null, null, null, null, null, null, null, null),
("00", "28030982", "2", null, null, "ESCOLA MUNICIPAL DE ENSINO INFANTIL JARDIM DA VIDA", null, null, "49230000", "RUA PADRE JOAO FLORENCIO", null, null, null, "28", "2806305", "05", null, null, null, null, null, null, null, "3", "1", null, null, null, null, null, null, null, null, null, null),
("00", "28026047", "1", "25/02/2013", "12/12/2013", "ESC MUL DE ENS FUN VEREADOR PAULO FERNANDO RIBEIRO SOUTELO", "-11.6430556", "-37.7097222", "49230000", "POVOADO PEDRA FURADA", null, null, null, "28", "2806305", "05", "79", null, "35481443", null, null, "SEMESLI.SE@HOTMAIL.COM", "00001", "3", "2", null, null, null, null, null, null, null, null, null, "2"),
("00", "28026136", "1", "25/02/2013", "12/12/2013", "ESC MUL DE ENS FUND EDESIO SOUZA NERIS", "-11.5908333", "-37.9861111", "49230000", "POVOADO GONCALA", null, null, null, "28", "2806305", "05", null, null, null, null, null, "SEMESLI.SE@HOTMAIL.COM", "00001", "3", "2", null, null, null, null, null, null, null, null, null, "2"),
("00", "28032837", "1", "25/02/2013", "12/12/2013", "ESC MUN DE ENS FND VR JOSE VICENTE G DIAS", "-11.5752778", "-38.0038889", "49230000", "POVOADO RIACHO DO MARCO", null, null, null, "28", "2806305", "05", "79", null, "35489903", null, null, "SEMESLI.SE@HOTMAIL.COM", "00001", "3", "2", null, null, null, null, null, null, null, null, null, "2");' in /var/www/yii/framework/db/CDbCommand.php:541
Stack trace:
#0 /var/www/yii/framework/db/CDbCommand.php(376): CDbCommand->queryInternal('', 0, Array)
#1 /var/www/tag3/app/controllers/SchoolIdentificationController.php(294): CDbCommand->query()
#2 /var/www/yii/framework/web/actions/CInlineAction.php(49): SchoolIdentificationController->actionEdcenso_import()
#3 /var/www/yii/framework/web/CController.php(308): CInlineAction->runWithParams(Array)
#4 /var/www/yii/framework/web/filters/CFilterChain.php(133): CController->runAction(Object(CInlineAction))
#5 /var/www/yii/framework/web/filters/CFilter.php(40): CFilterChain->run()
#6 /var/www/yii/framework/web/CController.php(1145): CFilter->filter(Object(CFilterChain))
#7 /var/www/yii/framework/web/filters/CInlineFilter.php(58): CController->filterAccessControl(Object(CFilterChain))
#8 /var/www/yii/framework/web/filters/CFilterChain.php(130): CInlineFilter->filter(Object(CFilterChain))
#9 /var/www/yii/framework/web/CController.php(291): CFilterChain->run()
#10 /var/www/yii/framework/web/CController.php(265): CController->runActionWithFilters(Object(CInlineAction), Array)
#11 /var/www/yii/framework/web/CWebApplication.php(282): CController->run('edcenso_import')
#12 /var/www/yii/framework/web/CWebApplication.php(141): CWebApplication->runController('schoolIdentific...')
#13 /var/www/yii/framework/base/CApplication.php(169): CWebApplication->processRequest()
#14 /var/www/tag3/index.php(13): CApplication->run()
#15 {main}
REQUEST_URI=/tag3/index.php?r=schoolIdentification/edcenso_import
---
2013/11/25 12:39:33 [error] [php] Invalid argument supplied for foreach() (/var/www/yii/framework/web/helpers/CHtml.php:2053)
Stack trace:
#0 /var/www/tag3/app/views/schoolIdentification/_form.php(118): CActiveForm->dropDownList()
#1 /var/www/yii/framework/web/CBaseController.php(126): require()
#2 /var/www/yii/framework/web/CBaseController.php(95): SchoolIdentificationController->renderInternal()
#3 /var/www/yii/framework/web/CController.php(869): SchoolIdentificationController->renderFile()
#4 /var/www/tag3/app/views/schoolIdentification/update.php(19): SchoolIdentificationController->renderPartial()
#5 /var/www/yii/framework/web/CBaseController.php(126): require()
#6 /var/www/yii/framework/web/CBaseController.php(95): SchoolIdentificationController->renderInternal()
#7 /var/www/yii/framework/web/CController.php(869): SchoolIdentificationController->renderFile()
#8 /var/www/yii/framework/web/CController.php(782): SchoolIdentificationController->renderPartial()
#9 /var/www/tag3/app/controllers/SchoolIdentificationController.php(372): SchoolIdentificationController->render()
#10 unknown(0): SchoolIdentificationController->actionUpdate()
#11 /var/www/yii/framework/web/actions/CAction.php(108): ReflectionMethod->invokeArgs()
#12 /var/www/yii/framework/web/actions/CInlineAction.php(47): CInlineAction->runWithParamsInternal()
#13 /var/www/yii/framework/web/CController.php(308): CInlineAction->runWithParams()
#14 /var/www/yii/framework/web/filters/CFilterChain.php(133): SchoolIdentificationController->runAction()
#15 /var/www/yii/framework/web/filters/CFilter.php(40): CFilterChain->run()
#16 /var/www/yii/framework/web/CController.php(1145): CAccessControlFilter->filter()
#17 /var/www/yii/framework/web/filters/CInlineFilter.php(58): SchoolIdentificationController->filterAccessControl()
#18 /var/www/yii/framework/web/filters/CFilterChain.php(130): CInlineFilter->filter()
#19 /var/www/yii/framework/web/CController.php(291): CFilterChain->run()
#20 /var/www/yii/framework/web/CController.php(265): SchoolIdentificationController->runActionWithFilters()
#21 /var/www/yii/framework/web/CWebApplication.php(282): SchoolIdentificationController->run()
#22 /var/www/yii/framework/web/CWebApplication.php(141): CWebApplication->runController()
#23 /var/www/yii/framework/base/CApplication.php(169): CWebApplication->processRequest()
#24 /var/www/tag3/index.php(13): CWebApplication->run()
REQUEST_URI=/tag3/index.php?r=schoolIdentification/update&id=28025911
in /var/www/tag3/app/views/schoolIdentification/_form.php (118)
in /var/www/tag3/app/views/schoolIdentification/update.php (19)
in /var/www/tag3/app/controllers/SchoolIdentificationController.php (372)
2013/11/25 12:45:51 [error] [php] Array to string conversion (/var/www/tag3/app/views/schoolIdentification/_form.php:119)
Stack trace:
#0 /var/www/yii/framework/web/CController.php(869): SchoolIdentificationController->renderFile()
#1 /var/www/tag3/app/views/schoolIdentification/update.php(19): SchoolIdentificationController->renderPartial()
#2 /var/www/yii/framework/web/CBaseController.php(126): require()
#3 /var/www/yii/framework/web/CBaseController.php(95): SchoolIdentificationController->renderInternal()
#4 /var/www/yii/framework/web/CController.php(869): SchoolIdentificationController->renderFile()
#5 /var/www/yii/framework/web/CController.php(782): SchoolIdentificationController->renderPartial()
#6 /var/www/tag3/app/controllers/SchoolIdentificationController.php(372): SchoolIdentificationController->render()
#7 unknown(0): SchoolIdentificationController->actionUpdate()
#8 /var/www/yii/framework/web/actions/CAction.php(108): ReflectionMethod->invokeArgs()
#9 /var/www/yii/framework/web/actions/CInlineAction.php(47): CInlineAction->runWithParamsInternal()
#10 /var/www/yii/framework/web/CController.php(308): CInlineAction->runWithParams()
#11 /var/www/yii/framework/web/filters/CFilterChain.php(133): SchoolIdentificationController->runAction()
#12 /var/www/yii/framework/web/filters/CFilter.php(40): CFilterChain->run()
#13 /var/www/yii/framework/web/CController.php(1145): CAccessControlFilter->filter()
#14 /var/www/yii/framework/web/filters/CInlineFilter.php(58): SchoolIdentificationController->filterAccessControl()
#15 /var/www/yii/framework/web/filters/CFilterChain.php(130): CInlineFilter->filter()
#16 /var/www/yii/framework/web/CController.php(291): CFilterChain->run()
#17 /var/www/yii/framework/web/CController.php(265): SchoolIdentificationController->runActionWithFilters()
#18 /var/www/yii/framework/web/CWebApplication.php(282): SchoolIdentificationController->run()
#19 /var/www/yii/framework/web/CWebApplication.php(141): CWebApplication->runController()
#20 /var/www/yii/framework/base/CApplication.php(169): CWebApplication->processRequest()
#21 /var/www/tag3/index.php(13): CWebApplication->run()
REQUEST_URI=/tag3/index.php?r=schoolIdentification/update&id=28025911
in /var/www/tag3/app/views/schoolIdentification/_form.php (119)
in /var/www/tag3/app/views/schoolIdentification/update.php (19)
in /var/www/tag3/app/controllers/SchoolIdentificationController.php (372)
2013/11/25 12:55:22 [error] [php] get_class() expects parameter 1 to be object, string given (/var/www/yii/framework/web/helpers/CHtml.php:2220)
Stack trace:
#0 /var/www/yii/framework/web/helpers/CHtml.php(1564): resolveNameID()
#1 /var/www/yii/framework/web/widgets/CActiveForm.php(763): activeDropDownList()
#2 /var/www/tag3/app/views/schoolIdentification/_form.php(139): CActiveForm->dropDownList()
#3 /var/www/yii/framework/web/CBaseController.php(126): require()
#4 /var/www/yii/framework/web/CBaseController.php(95): SchoolIdentificationController->renderInternal()
#5 /var/www/yii/framework/web/CController.php(869): SchoolIdentificationController->renderFile()
#6 /var/www/tag3/app/views/schoolIdentification/update.php(19): SchoolIdentificationController->renderPartial()
#7 /var/www/yii/framework/web/CBaseController.php(126): require()
#8 /var/www/yii/framework/web/CBaseController.php(95): SchoolIdentificationController->renderInternal()
#9 /var/www/yii/framework/web/CController.php(869): SchoolIdentificationController->renderFile()
#10 /var/www/yii/framework/web/CController.php(782): SchoolIdentificationController->renderPartial()
#11 /var/www/tag3/app/controllers/SchoolIdentificationController.php(290): SchoolIdentificationController->render()
#12 unknown(0): SchoolIdentificationController->actionUpdate()
#13 /var/www/yii/framework/web/actions/CAction.php(108): ReflectionMethod->invokeArgs()
#14 /var/www/yii/framework/web/actions/CInlineAction.php(47): CInlineAction->runWithParamsInternal()
#15 /var/www/yii/framework/web/CController.php(308): CInlineAction->runWithParams()
#16 /var/www/yii/framework/web/filters/CFilterChain.php(133): SchoolIdentificationController->runAction()
#17 /var/www/yii/framework/web/filters/CFilter.php(40): CFilterChain->run()
#18 /var/www/yii/framework/web/CController.php(1145): CAccessControlFilter->filter()
#19 /var/www/yii/framework/web/filters/CInlineFilter.php(58): SchoolIdentificationController->filterAccessControl()
#20 /var/www/yii/framework/web/filters/CFilterChain.php(130): CInlineFilter->filter()
#21 /var/www/yii/framework/web/CController.php(291): CFilterChain->run()
#22 /var/www/yii/framework/web/CController.php(265): SchoolIdentificationController->runActionWithFilters()
#23 /var/www/yii/framework/web/CWebApplication.php(282): SchoolIdentificationController->run()
#24 /var/www/yii/framework/web/CWebApplication.php(141): CWebApplication->runController()
#25 /var/www/yii/framework/base/CApplication.php(169): CWebApplication->processRequest()
#26 /var/www/tag3/index.php(13): CWebApplication->run()
REQUEST_URI=/tag3/index.php?r=schoolIdentification/update&id=28025911
in /var/www/tag3/app/views/schoolIdentification/_form.php (139)
in /var/www/tag3/app/views/schoolIdentification/update.php (19)
in /var/www/tag3/app/controllers/SchoolIdentificationController.php (290)
2013/11/25 12:56:19 [error] [php] Invalid argument supplied for foreach() (/var/www/yii/framework/web/helpers/CHtml.php:2053)
Stack trace:
#0 /var/www/tag3/app/views/schoolIdentification/_form.php(139): CActiveForm->dropDownList()
#1 /var/www/yii/framework/web/CBaseController.php(126): require()
#2 /var/www/yii/framework/web/CBaseController.php(95): SchoolIdentificationController->renderInternal()
#3 /var/www/yii/framework/web/CController.php(869): SchoolIdentificationController->renderFile()
#4 /var/www/tag3/app/views/schoolIdentification/update.php(19): SchoolIdentificationController->renderPartial()
#5 /var/www/yii/framework/web/CBaseController.php(126): require()
#6 /var/www/yii/framework/web/CBaseController.php(95): SchoolIdentificationController->renderInternal()
#7 /var/www/yii/framework/web/CController.php(869): SchoolIdentificationController->renderFile()
#8 /var/www/yii/framework/web/CController.php(782): SchoolIdentificationController->renderPartial()
#9 /var/www/tag3/app/controllers/SchoolIdentificationController.php(290): SchoolIdentificationController->render()
#10 unknown(0): SchoolIdentificationController->actionUpdate()
#11 /var/www/yii/framework/web/actions/CAction.php(108): ReflectionMethod->invokeArgs()
#12 /var/www/yii/framework/web/actions/CInlineAction.php(47): CInlineAction->runWithParamsInternal()
#13 /var/www/yii/framework/web/CController.php(308): CInlineAction->runWithParams()
#14 /var/www/yii/framework/web/filters/CFilterChain.php(133): SchoolIdentificationController->runAction()
#15 /var/www/yii/framework/web/filters/CFilter.php(40): CFilterChain->run()
#16 /var/www/yii/framework/web/CController.php(1145): CAccessControlFilter->filter()
#17 /var/www/yii/framework/web/filters/CInlineFilter.php(58): SchoolIdentificationController->filterAccessControl()
#18 /var/www/yii/framework/web/filters/CFilterChain.php(130): CInlineFilter->filter()
#19 /var/www/yii/framework/web/CController.php(291): CFilterChain->run()
#20 /var/www/yii/framework/web/CController.php(265): SchoolIdentificationController->runActionWithFilters()
#21 /var/www/yii/framework/web/CWebApplication.php(282): SchoolIdentificationController->run()
#22 /var/www/yii/framework/web/CWebApplication.php(141): CWebApplication->runController()
#23 /var/www/yii/framework/base/CApplication.php(169): CWebApplication->processRequest()
#24 /var/www/tag3/index.php(13): CWebApplication->run()
REQUEST_URI=/tag3/index.php?r=schoolIdentification/update&id=28025911
in /var/www/tag3/app/views/schoolIdentification/_form.php (139)
in /var/www/tag3/app/views/schoolIdentification/update.php (19)
in /var/www/tag3/app/controllers/SchoolIdentificationController.php (290)
2013/11/25 13:00:14 [error] [php] Invalid argument supplied for foreach() (/var/www/yii/framework/web/helpers/CHtml.php:2053)
Stack trace:
#0 /var/www/tag3/app/views/schoolIdentification/_form.php(139): CActiveForm->dropDownList()
#1 /var/www/yii/framework/web/CBaseController.php(126): require()
#2 /var/www/yii/framework/web/CBaseController.php(95): SchoolIdentificationController->renderInternal()
#3 /var/www/yii/framework/web/CController.php(869): SchoolIdentificationController->renderFile()
#4 /var/www/tag3/app/views/schoolIdentification/update.php(19): SchoolIdentificationController->renderPartial()
#5 /var/www/yii/framework/web/CBaseController.php(126): require()
#6 /var/www/yii/framework/web/CBaseController.php(95): SchoolIdentificationController->renderInternal()
#7 /var/www/yii/framework/web/CController.php(869): SchoolIdentificationController->renderFile()
#8 /var/www/yii/framework/web/CController.php(782): SchoolIdentificationController->renderPartial()
#9 /var/www/tag3/app/controllers/SchoolIdentificationController.php(298): SchoolIdentificationController->render()
#10 unknown(0): SchoolIdentificationController->actionUpdate()
#11 /var/www/yii/framework/web/actions/CAction.php(108): ReflectionMethod->invokeArgs()
#12 /var/www/yii/framework/web/actions/CInlineAction.php(47): CInlineAction->runWithParamsInternal()
#13 /var/www/yii/framework/web/CController.php(308): CInlineAction->runWithParams()
#14 /var/www/yii/framework/web/filters/CFilterChain.php(133): SchoolIdentificationController->runAction()
#15 /var/www/yii/framework/web/filters/CFilter.php(40): CFilterChain->run()
#16 /var/www/yii/framework/web/CController.php(1145): CAccessControlFilter->filter()
#17 /var/www/yii/framework/web/filters/CInlineFilter.php(58): SchoolIdentificationController->filterAccessControl()
#18 /var/www/yii/framework/web/filters/CFilterChain.php(130): CInlineFilter->filter()
#19 /var/www/yii/framework/web/CController.php(291): CFilterChain->run()
#20 /var/www/yii/framework/web/CController.php(265): SchoolIdentificationController->runActionWithFilters()
#21 /var/www/yii/framework/web/CWebApplication.php(282): SchoolIdentificationController->run()
#22 /var/www/yii/framework/web/CWebApplication.php(141): CWebApplication->runController()
#23 /var/www/yii/framework/base/CApplication.php(169): CWebApplication->processRequest()
#24 /var/www/tag3/index.php(13): CWebApplication->run()
REQUEST_URI=/tag3/index.php?r=schoolIdentification/update&id=28025911
in /var/www/tag3/app/views/schoolIdentification/_form.php (139)
in /var/www/tag3/app/views/schoolIdentification/update.php (19)
in /var/www/tag3/app/controllers/SchoolIdentificationController.php (298)
2013/11/25 13:09:16 [error] [exception.CHttpException.404] exception 'CHttpException' with message 'The system is unable to find the requested action "getCities".' in /var/www/yii/framework/web/CController.php:483
Stack trace:
#0 /var/www/yii/framework/web/CController.php(270): CController->missingAction('getCities')
#1 /var/www/yii/framework/web/CWebApplication.php(282): CController->run('getCities')
#2 /var/www/yii/framework/web/CWebApplication.php(141): CWebApplication->runController('schoolIdentific...')
#3 /var/www/yii/framework/base/CApplication.php(169): CWebApplication->processRequest()
#4 /var/www/tag3/index.php(13): CApplication->run()
#5 {main}
REQUEST_URI=/tag3/index.php?r=schoolIdentification/getCities
---
2013/11/25 13:09:43 [error] [exception.CHttpException.404] exception 'CHttpException' with message 'The system is unable to find the requested action "action".' in /var/www/yii/framework/web/CController.php:483
Stack trace:
#0 /var/www/yii/framework/web/CController.php(270): CController->missingAction('action')
#1 /var/www/yii/framework/web/CWebApplication.php(282): CController->run('action')
#2 /var/www/yii/framework/web/CWebApplication.php(141): CWebApplication->runController('schoolIdentific...')
#3 /var/www/yii/framework/base/CApplication.php(169): CWebApplication->processRequest()
#4 /var/www/tag3/index.php(13): CApplication->run()
#5 {main}
REQUEST_URI=/tag3/index.php?r=schoolIdentification/action
---
2013/11/25 13:09:48 [error] [php] include(Location.php): failed to open stream: No such file or directory (/var/www/yii/framework/YiiBase.php:421)
Stack trace:
#0 /var/www/tag3/app/controllers/SchoolIdentificationController.php(234): spl_autoload_call()
#1 /var/www/yii/framework/web/actions/CInlineAction.php(49): SchoolIdentificationController->actionGetCities()
#2 /var/www/yii/framework/web/CController.php(308): CInlineAction->runWithParams()
#3 /var/www/yii/framework/web/filters/CFilterChain.php(133): SchoolIdentificationController->runAction()
#4 /var/www/yii/framework/web/filters/CFilter.php(40): CFilterChain->run()
#5 /var/www/yii/framework/web/CController.php(1145): CAccessControlFilter->filter()
#6 /var/www/yii/framework/web/filters/CInlineFilter.php(58): SchoolIdentificationController->filterAccessControl()
#7 /var/www/yii/framework/web/filters/CFilterChain.php(130): CInlineFilter->filter()
#8 /var/www/yii/framework/web/CController.php(291): CFilterChain->run()
#9 /var/www/yii/framework/web/CController.php(265): SchoolIdentificationController->runActionWithFilters()
#10 /var/www/yii/framework/web/CWebApplication.php(282): SchoolIdentificationController->run()
#11 /var/www/yii/framework/web/CWebApplication.php(141): CWebApplication->runController()
#12 /var/www/yii/framework/base/CApplication.php(169): CWebApplication->processRequest()
#13 /var/www/tag3/index.php(13): CWebApplication->run()
REQUEST_URI=/tag3/index.php?r=schoolIdentification/getCities
in /var/www/tag3/app/controllers/SchoolIdentificationController.php (234)
in /var/www/tag3/index.php (13)
2013/11/25 13:10:53 [error] [php] include(Location.php): failed to open stream: No such file or directory (/var/www/yii/framework/YiiBase.php:421)
Stack trace:
#0 /var/www/tag3/app/controllers/SchoolIdentificationController.php(234): spl_autoload_call()
#1 /var/www/yii/framework/web/actions/CInlineAction.php(49): SchoolIdentificationController->actionGetCities()
#2 /var/www/yii/framework/web/CController.php(308): CInlineAction->runWithParams()
#3 /var/www/yii/framework/web/filters/CFilterChain.php(133): SchoolIdentificationController->runAction()
#4 /var/www/yii/framework/web/filters/CFilter.php(40): CFilterChain->run()
#5 /var/www/yii/framework/web/CController.php(1145): CAccessControlFilter->filter()
#6 /var/www/yii/framework/web/filters/CInlineFilter.php(58): SchoolIdentificationController->filterAccessControl()
#7 /var/www/yii/framework/web/filters/CFilterChain.php(130): CInlineFilter->filter()
#8 /var/www/yii/framework/web/CController.php(291): CFilterChain->run()
#9 /var/www/yii/framework/web/CController.php(265): SchoolIdentificationController->runActionWithFilters()
#10 /var/www/yii/framework/web/CWebApplication.php(282): SchoolIdentificationController->run()
#11 /var/www/yii/framework/web/CWebApplication.php(141): CWebApplication->runController()
#12 /var/www/yii/framework/base/CApplication.php(169): CWebApplication->processRequest()
#13 /var/www/tag3/index.php(13): CWebApplication->run()
REQUEST_URI=/tag3/index.php?r=schoolIdentification/getCities
in /var/www/tag3/app/controllers/SchoolIdentificationController.php (234)
in /var/www/tag3/index.php (13)
2013/11/25 13:11:58 [error] [php] include(Location.php): failed to open stream: No such file or directory (/var/www/yii/framework/YiiBase.php:421)
Stack trace:
#0 /var/www/tag3/app/controllers/SchoolIdentificationController.php(234): spl_autoload_call()
#1 /var/www/yii/framework/web/actions/CInlineAction.php(49): SchoolIdentificationController->actionGetCities()
#2 /var/www/yii/framework/web/CController.php(308): CInlineAction->runWithParams()
#3 /var/www/yii/framework/web/filters/CFilterChain.php(133): SchoolIdentificationController->runAction()
#4 /var/www/yii/framework/web/filters/CFilter.php(40): CFilterChain->run()
#5 /var/www/yii/framework/web/CController.php(1145): CAccessControlFilter->filter()
#6 /var/www/yii/framework/web/filters/CInlineFilter.php(58): SchoolIdentificationController->filterAccessControl()
#7 /var/www/yii/framework/web/filters/CFilterChain.php(130): CInlineFilter->filter()
#8 /var/www/yii/framework/web/CController.php(291): CFilterChain->run()
#9 /var/www/yii/framework/web/CController.php(265): SchoolIdentificationController->runActionWithFilters()
#10 /var/www/yii/framework/web/CWebApplication.php(282): SchoolIdentificationController->run()
#11 /var/www/yii/framework/web/CWebApplication.php(141): CWebApplication->runController()
#12 /var/www/yii/framework/base/CApplication.php(169): CWebApplication->processRequest()
#13 /var/www/tag3/index.php(13): CWebApplication->run()
REQUEST_URI=/tag3/index.php?r=schoolIdentification/getCities
in /var/www/tag3/app/controllers/SchoolIdentificationController.php (234)
in /var/www/tag3/index.php (13)
2013/11/25 13:13:39 [error] [php] Object of class SchoolIdentification could not be converted to string (/var/www/tag3/app/views/schoolIdentification/_form.php:117)
Stack trace:
#0 /var/www/yii/framework/web/CController.php(869): SchoolIdentificationController->renderFile()
#1 /var/www/tag3/app/views/schoolIdentification/update.php(19): SchoolIdentificationController->renderPartial()
#2 /var/www/yii/framework/web/CBaseController.php(126): require()
#3 /var/www/yii/framework/web/CBaseController.php(95): SchoolIdentificationController->renderInternal()
#4 /var/www/yii/framework/web/CController.php(869): SchoolIdentificationController->renderFile()
#5 /var/www/yii/framework/web/CController.php(782): SchoolIdentificationController->renderPartial()
#6 /var/www/tag3/app/controllers/SchoolIdentificationController.php(298): SchoolIdentificationController->render()
#7 unknown(0): SchoolIdentificationController->actionUpdate()
#8 /var/www/yii/framework/web/actions/CAction.php(108): ReflectionMethod->invokeArgs()
#9 /var/www/yii/framework/web/actions/CInlineAction.php(47): CInlineAction->runWithParamsInternal()
#10 /var/www/yii/framework/web/CController.php(308): CInlineAction->runWithParams()
#11 /var/www/yii/framework/web/filters/CFilterChain.php(133): SchoolIdentificationController->runAction()
#12 /var/www/yii/framework/web/filters/CFilter.php(40): CFilterChain->run()
#13 /var/www/yii/framework/web/CController.php(1145): CAccessControlFilter->filter()
#14 /var/www/yii/framework/web/filters/CInlineFilter.php(58): SchoolIdentificationController->filterAccessControl()
#15 /var/www/yii/framework/web/filters/CFilterChain.php(130): CInlineFilter->filter()
#16 /var/www/yii/framework/web/CController.php(291): CFilterChain->run()
#17 /var/www/yii/framework/web/CController.php(265): SchoolIdentificationController->runActionWithFilters()
#18 /var/www/yii/framework/web/CWebApplication.php(282): SchoolIdentificationController->run()
#19 /var/www/yii/framework/web/CWebApplication.php(141): CWebApplication->runController()
#20 /var/www/yii/framework/base/CApplication.php(169): CWebApplication->processRequest()
#21 /var/www/tag3/index.php(13): CWebApplication->run()
REQUEST_URI=/tag3/index.php?r=schoolIdentification/update&id=28025911
in /var/www/tag3/app/views/schoolIdentification/_form.php (117)
in /var/www/tag3/app/views/schoolIdentification/update.php (19)
in /var/www/tag3/app/controllers/SchoolIdentificationController.php (298)
2013/11/25 13:14:10 [error] [php] get_class() expects parameter 1 to be object, string given (/var/www/yii/framework/web/helpers/CHtml.php:2220)
Stack trace:
#0 /var/www/yii/framework/web/helpers/CHtml.php(1564): resolveNameID()
#1 /var/www/yii/framework/web/widgets/CActiveForm.php(763): activeDropDownList()
#2 /var/www/tag3/app/views/schoolIdentification/_form.php(128): CActiveForm->dropDownList()
#3 /var/www/yii/framework/web/CBaseController.php(126): require()
#4 /var/www/yii/framework/web/CBaseController.php(95): SchoolIdentificationController->renderInternal()
#5 /var/www/yii/framework/web/CController.php(869): SchoolIdentificationController->renderFile()
#6 /var/www/tag3/app/views/schoolIdentification/update.php(19): SchoolIdentificationController->renderPartial()
#7 /var/www/yii/framework/web/CBaseController.php(126): require()
#8 /var/www/yii/framework/web/CBaseController.php(95): SchoolIdentificationController->renderInternal()
#9 /var/www/yii/framework/web/CController.php(869): SchoolIdentificationController->renderFile()
#10 /var/www/yii/framework/web/CController.php(782): SchoolIdentificationController->renderPartial()
#11 /var/www/tag3/app/controllers/SchoolIdentificationController.php(298): SchoolIdentificationController->render()
#12 unknown(0): SchoolIdentificationController->actionUpdate()
#13 /var/www/yii/framework/web/actions/CAction.php(108): ReflectionMethod->invokeArgs()
#14 /var/www/yii/framework/web/actions/CInlineAction.php(47): CInlineAction->runWithParamsInternal()
#15 /var/www/yii/framework/web/CController.php(308): CInlineAction->runWithParams()
#16 /var/www/yii/framework/web/filters/CFilterChain.php(133): SchoolIdentificationController->runAction()
#17 /var/www/yii/framework/web/filters/CFilter.php(40): CFilterChain->run()
#18 /var/www/yii/framework/web/CController.php(1145): CAccessControlFilter->filter()
#19 /var/www/yii/framework/web/filters/CInlineFilter.php(58): SchoolIdentificationController->filterAccessControl()
#20 /var/www/yii/framework/web/filters/CFilterChain.php(130): CInlineFilter->filter()
#21 /var/www/yii/framework/web/CController.php(291): CFilterChain->run()
#22 /var/www/yii/framework/web/CController.php(265): SchoolIdentificationController->runActionWithFilters()
#23 /var/www/yii/framework/web/CWebApplication.php(282): SchoolIdentificationController->run()
#24 /var/www/yii/framework/web/CWebApplication.php(141): CWebApplication->runController()
#25 /var/www/yii/framework/base/CApplication.php(169): CWebApplication->processRequest()
#26 /var/www/tag3/index.php(13): CWebApplication->run()
REQUEST_URI=/tag3/index.php?r=schoolIdentification/update&id=28025911
in /var/www/tag3/app/views/schoolIdentification/_form.php (128)
in /var/www/tag3/app/views/schoolIdentification/update.php (19)
in /var/www/tag3/app/controllers/SchoolIdentificationController.php (298)
2013/11/25 13:23:29 [error] [php] Object of class SchoolIdentification could not be converted to string (/var/www/yii/framework/web/helpers/CHtml.php:1918)
Stack trace:
#0 /var/www/tag3/app/views/schoolIdentification/_form.php(136): dropDownList()
#1 /var/www/yii/framework/web/CBaseController.php(126): require()
#2 /var/www/yii/framework/web/CBaseController.php(95): SchoolIdentificationController->renderInternal()
#3 /var/www/yii/framework/web/CController.php(869): SchoolIdentificationController->renderFile()
#4 /var/www/tag3/app/views/schoolIdentification/update.php(19): SchoolIdentificationController->renderPartial()
#5 /var/www/yii/framework/web/CBaseController.php(126): require()
#6 /var/www/yii/framework/web/CBaseController.php(95): SchoolIdentificationController->renderInternal()
#7 /var/www/yii/framework/web/CController.php(869): SchoolIdentificationController->renderFile()
#8 /var/www/yii/framework/web/CController.php(782): SchoolIdentificationController->renderPartial()
#9 /var/www/tag3/app/controllers/SchoolIdentificationController.php(298): SchoolIdentificationController->render()
#10 unknown(0): SchoolIdentificationController->actionUpdate()
#11 /var/www/yii/framework/web/actions/CAction.php(108): ReflectionMethod->invokeArgs()
#12 /var/www/yii/framework/web/actions/CInlineAction.php(47): CInlineAction->runWithParamsInternal()
#13 /var/www/yii/framework/web/CController.php(308): CInlineAction->runWithParams()
#14 /var/www/yii/framework/web/filters/CFilterChain.php(133): SchoolIdentificationController->runAction()
#15 /var/www/yii/framework/web/filters/CFilter.php(40): CFilterChain->run()
#16 /var/www/yii/framework/web/CController.php(1145): CAccessControlFilter->filter()
#17 /var/www/yii/framework/web/filters/CInlineFilter.php(58): SchoolIdentificationController->filterAccessControl()
#18 /var/www/yii/framework/web/filters/CFilterChain.php(130): CInlineFilter->filter()
#19 /var/www/yii/framework/web/CController.php(291): CFilterChain->run()
#20 /var/www/yii/framework/web/CController.php(265): SchoolIdentificationController->runActionWithFilters()
#21 /var/www/yii/framework/web/CWebApplication.php(282): SchoolIdentificationController->run()
#22 /var/www/yii/framework/web/CWebApplication.php(141): CWebApplication->runController()
#23 /var/www/yii/framework/base/CApplication.php(169): CWebApplication->processRequest()
#24 /var/www/tag3/index.php(13): CWebApplication->run()
REQUEST_URI=/tag3/index.php?r=schoolIdentification/update&id=28025911
in /var/www/tag3/app/views/schoolIdentification/_form.php (136)
in /var/www/tag3/app/views/schoolIdentification/update.php (19)
in /var/www/tag3/app/controllers/SchoolIdentificationController.php (298)
2013/11/25 13:24:19 [error] [php] Object of class SchoolIdentification could not be converted to string (/var/www/yii/framework/web/helpers/CHtml.php:1918)
Stack trace:
#0 /var/www/tag3/app/views/schoolIdentification/_form.php(136): dropDownList()
#1 /var/www/yii/framework/web/CBaseController.php(126): require()
#2 /var/www/yii/framework/web/CBaseController.php(95): SchoolIdentificationController->renderInternal()
#3 /var/www/yii/framework/web/CController.php(869): SchoolIdentificationController->renderFile()
#4 /var/www/tag3/app/views/schoolIdentification/update.php(19): SchoolIdentificationController->renderPartial()
#5 /var/www/yii/framework/web/CBaseController.php(126): require()
#6 /var/www/yii/framework/web/CBaseController.php(95): SchoolIdentificationController->renderInternal()
#7 /var/www/yii/framework/web/CController.php(869): SchoolIdentificationController->renderFile()
#8 /var/www/yii/framework/web/CController.php(782): SchoolIdentificationController->renderPartial()
#9 /var/www/tag3/app/controllers/SchoolIdentificationController.php(298): SchoolIdentificationController->render()
#10 unknown(0): SchoolIdentificationController->actionUpdate()
#11 /var/www/yii/framework/web/actions/CAction.php(108): ReflectionMethod->invokeArgs()
#12 /var/www/yii/framework/web/actions/CInlineAction.php(47): CInlineAction->runWithParamsInternal()
#13 /var/www/yii/framework/web/CController.php(308): CInlineAction->runWithParams()
#14 /var/www/yii/framework/web/filters/CFilterChain.php(133): SchoolIdentificationController->runAction()
#15 /var/www/yii/framework/web/filters/CFilter.php(40): CFilterChain->run()
#16 /var/www/yii/framework/web/CController.php(1145): CAccessControlFilter->filter()
#17 /var/www/yii/framework/web/filters/CInlineFilter.php(58): SchoolIdentificationController->filterAccessControl()
#18 /var/www/yii/framework/web/filters/CFilterChain.php(130): CInlineFilter->filter()
#19 /var/www/yii/framework/web/CController.php(291): CFilterChain->run()
#20 /var/www/yii/framework/web/CController.php(265): SchoolIdentificationController->runActionWithFilters()
#21 /var/www/yii/framework/web/CWebApplication.php(282): SchoolIdentificationController->run()
#22 /var/www/yii/framework/web/CWebApplication.php(141): CWebApplication->runController()
#23 /var/www/yii/framework/base/CApplication.php(169): CWebApplication->processRequest()
#24 /var/www/tag3/index.php(13): CWebApplication->run()
REQUEST_URI=/tag3/index.php?r=schoolIdentification/update&id=28025911
in /var/www/tag3/app/views/schoolIdentification/_form.php (136)
in /var/www/tag3/app/views/schoolIdentification/update.php (19)
in /var/www/tag3/app/controllers/SchoolIdentificationController.php (298)
2013/11/25 13:24:21 [error] [php] Object of class SchoolIdentification could not be converted to string (/var/www/yii/framework/web/helpers/CHtml.php:1918)
Stack trace:
#0 /var/www/tag3/app/views/schoolIdentification/_form.php(136): dropDownList()
#1 /var/www/yii/framework/web/CBaseController.php(126): require()
#2 /var/www/yii/framework/web/CBaseController.php(95): SchoolIdentificationController->renderInternal()
#3 /var/www/yii/framework/web/CController.php(869): SchoolIdentificationController->renderFile()
#4 /var/www/tag3/app/views/schoolIdentification/update.php(19): SchoolIdentificationController->renderPartial()
#5 /var/www/yii/framework/web/CBaseController.php(126): require()
#6 /var/www/yii/framework/web/CBaseController.php(95): SchoolIdentificationController->renderInternal()
#7 /var/www/yii/framework/web/CController.php(869): SchoolIdentificationController->renderFile()
#8 /var/www/yii/framework/web/CController.php(782): SchoolIdentificationController->renderPartial()
#9 /var/www/tag3/app/controllers/SchoolIdentificationController.php(298): SchoolIdentificationController->render()
#10 unknown(0): SchoolIdentificationController->actionUpdate()
#11 /var/www/yii/framework/web/actions/CAction.php(108): ReflectionMethod->invokeArgs()
#12 /var/www/yii/framework/web/actions/CInlineAction.php(47): CInlineAction->runWithParamsInternal()
#13 /var/www/yii/framework/web/CController.php(308): CInlineAction->runWithParams()
#14 /var/www/yii/framework/web/filters/CFilterChain.php(133): SchoolIdentificationController->runAction()
#15 /var/www/yii/framework/web/filters/CFilter.php(40): CFilterChain->run()
#16 /var/www/yii/framework/web/CController.php(1145): CAccessControlFilter->filter()
#17 /var/www/yii/framework/web/filters/CInlineFilter.php(58): SchoolIdentificationController->filterAccessControl()
#18 /var/www/yii/framework/web/filters/CFilterChain.php(130): CInlineFilter->filter()
#19 /var/www/yii/framework/web/CController.php(291): CFilterChain->run()
#20 /var/www/yii/framework/web/CController.php(265): SchoolIdentificationController->runActionWithFilters()
#21 /var/www/yii/framework/web/CWebApplication.php(282): SchoolIdentificationController->run()
#22 /var/www/yii/framework/web/CWebApplication.php(141): CWebApplication->runController()
#23 /var/www/yii/framework/base/CApplication.php(169): CWebApplication->processRequest()
#24 /var/www/tag3/index.php(13): CWebApplication->run()
REQUEST_URI=/tag3/index.php?r=schoolIdentification/update&id=28025911
in /var/www/tag3/app/views/schoolIdentification/_form.php (136)
in /var/www/tag3/app/views/schoolIdentification/update.php (19)
in /var/www/tag3/app/controllers/SchoolIdentificationController.php (298)
2013/11/25 13:24:21 [error] [php] Object of class SchoolIdentification could not be converted to string (/var/www/yii/framework/web/helpers/CHtml.php:1918)
Stack trace:
#0 /var/www/tag3/app/views/schoolIdentification/_form.php(136): dropDownList()
#1 /var/www/yii/framework/web/CBaseController.php(126): require()
#2 /var/www/yii/framework/web/CBaseController.php(95): SchoolIdentificationController->renderInternal()
#3 /var/www/yii/framework/web/CController.php(869): SchoolIdentificationController->renderFile()
#4 /var/www/tag3/app/views/schoolIdentification/update.php(19): SchoolIdentificationController->renderPartial()
#5 /var/www/yii/framework/web/CBaseController.php(126): require()
#6 /var/www/yii/framework/web/CBaseController.php(95): SchoolIdentificationController->renderInternal()
#7 /var/www/yii/framework/web/CController.php(869): SchoolIdentificationController->renderFile()
#8 /var/www/yii/framework/web/CController.php(782): SchoolIdentificationController->renderPartial()
#9 /var/www/tag3/app/controllers/SchoolIdentificationController.php(298): SchoolIdentificationController->render()
#10 unknown(0): SchoolIdentificationController->actionUpdate()
#11 /var/www/yii/framework/web/actions/CAction.php(108): ReflectionMethod->invokeArgs()
#12 /var/www/yii/framework/web/actions/CInlineAction.php(47): CInlineAction->runWithParamsInternal()
#13 /var/www/yii/framework/web/CController.php(308): CInlineAction->runWithParams()
#14 /var/www/yii/framework/web/filters/CFilterChain.php(133): SchoolIdentificationController->runAction()
#15 /var/www/yii/framework/web/filters/CFilter.php(40): CFilterChain->run()
#16 /var/www/yii/framework/web/CController.php(1145): CAccessControlFilter->filter()
#17 /var/www/yii/framework/web/filters/CInlineFilter.php(58): SchoolIdentificationController->filterAccessControl()
#18 /var/www/yii/framework/web/filters/CFilterChain.php(130): CInlineFilter->filter()
#19 /var/www/yii/framework/web/CController.php(291): CFilterChain->run()
#20 /var/www/yii/framework/web/CController.php(265): SchoolIdentificationController->runActionWithFilters()
#21 /var/www/yii/framework/web/CWebApplication.php(282): SchoolIdentificationController->run()
#22 /var/www/yii/framework/web/CWebApplication.php(141): CWebApplication->runController()
#23 /var/www/yii/framework/base/CApplication.php(169): CWebApplication->processRequest()
#24 /var/www/tag3/index.php(13): CWebApplication->run()
REQUEST_URI=/tag3/index.php?r=schoolIdentification/update&id=28025911
in /var/www/tag3/app/views/schoolIdentification/_form.php (136)
in /var/www/tag3/app/views/schoolIdentification/update.php (19)
in /var/www/tag3/app/controllers/SchoolIdentificationController.php (298)
2013/11/26 10:04:04 [error] [php] include(Location.php): failed to open stream: No such file or directory (/var/www/yii/framework/YiiBase.php:421)
Stack trace:
#0 /var/www/tag3/app/controllers/SchoolIdentificationController.php(234): spl_autoload_call()
#1 /var/www/yii/framework/web/actions/CInlineAction.php(49): SchoolIdentificationController->actionGetCities()
#2 /var/www/yii/framework/web/CController.php(308): CInlineAction->runWithParams()
#3 /var/www/yii/framework/web/filters/CFilterChain.php(133): SchoolIdentificationController->runAction()
#4 /var/www/yii/framework/web/filters/CFilter.php(40): CFilterChain->run()
#5 /var/www/yii/framework/web/CController.php(1145): CAccessControlFilter->filter()
#6 /var/www/yii/framework/web/filters/CInlineFilter.php(58): SchoolIdentificationController->filterAccessControl()
#7 /var/www/yii/framework/web/filters/CFilterChain.php(130): CInlineFilter->filter()
#8 /var/www/yii/framework/web/CController.php(291): CFilterChain->run()
#9 /var/www/yii/framework/web/CController.php(265): SchoolIdentificationController->runActionWithFilters()
#10 /var/www/yii/framework/web/CWebApplication.php(282): SchoolIdentificationController->run()
#11 /var/www/yii/framework/web/CWebApplication.php(141): CWebApplication->runController()
#12 /var/www/yii/framework/base/CApplication.php(169): CWebApplication->processRequest()
#13 /var/www/tag3/index.php(13): CWebApplication->run()
REQUEST_URI=/tag3/index.php?r=schoolIdentification/getcities
in /var/www/tag3/app/controllers/SchoolIdentificationController.php (234)
in /var/www/tag3/index.php (13)
2013/11/26 10:04:11 [error] [php] include(Location.php): failed to open stream: No such file or directory (/var/www/yii/framework/YiiBase.php:421)
Stack trace:
#0 /var/www/tag3/app/controllers/SchoolIdentificationController.php(234): spl_autoload_call()
#1 /var/www/yii/framework/web/actions/CInlineAction.php(49): SchoolIdentificationController->actionGetCities()
#2 /var/www/yii/framework/web/CController.php(308): CInlineAction->runWithParams()
#3 /var/www/yii/framework/web/filters/CFilterChain.php(133): SchoolIdentificationController->runAction()
#4 /var/www/yii/framework/web/filters/CFilter.php(40): CFilterChain->run()
#5 /var/www/yii/framework/web/CController.php(1145): CAccessControlFilter->filter()
#6 /var/www/yii/framework/web/filters/CInlineFilter.php(58): SchoolIdentificationController->filterAccessControl()
#7 /var/www/yii/framework/web/filters/CFilterChain.php(130): CInlineFilter->filter()
#8 /var/www/yii/framework/web/CController.php(291): CFilterChain->run()
#9 /var/www/yii/framework/web/CController.php(265): SchoolIdentificationController->runActionWithFilters()
#10 /var/www/yii/framework/web/CWebApplication.php(282): SchoolIdentificationController->run()
#11 /var/www/yii/framework/web/CWebApplication.php(141): CWebApplication->runController()
#12 /var/www/yii/framework/base/CApplication.php(169): CWebApplication->processRequest()
#13 /var/www/tag3/index.php(13): CWebApplication->run()
REQUEST_URI=/tag3/index.php?r=schoolIdentification/Getcities
in /var/www/tag3/app/controllers/SchoolIdentificationController.php (234)
in /var/www/tag3/index.php (13)
2013/11/26 10:04:15 [error] [php] include(Location.php): failed to open stream: No such file or directory (/var/www/yii/framework/YiiBase.php:421)
Stack trace:
#0 /var/www/tag3/app/controllers/SchoolIdentificationController.php(234): spl_autoload_call()
#1 /var/www/yii/framework/web/actions/CInlineAction.php(49): SchoolIdentificationController->actionGetCities()
#2 /var/www/yii/framework/web/CController.php(308): CInlineAction->runWithParams()
#3 /var/www/yii/framework/web/filters/CFilterChain.php(133): SchoolIdentificationController->runAction()
#4 /var/www/yii/framework/web/filters/CFilter.php(40): CFilterChain->run()
#5 /var/www/yii/framework/web/CController.php(1145): CAccessControlFilter->filter()
#6 /var/www/yii/framework/web/filters/CInlineFilter.php(58): SchoolIdentificationController->filterAccessControl()
#7 /var/www/yii/framework/web/filters/CFilterChain.php(130): CInlineFilter->filter()
#8 /var/www/yii/framework/web/CController.php(291): CFilterChain->run()
#9 /var/www/yii/framework/web/CController.php(265): SchoolIdentificationController->runActionWithFilters()
#10 /var/www/yii/framework/web/CWebApplication.php(282): SchoolIdentificationController->run()
#11 /var/www/yii/framework/web/CWebApplication.php(141): CWebApplication->runController()
#12 /var/www/yii/framework/base/CApplication.php(169): CWebApplication->processRequest()
#13 /var/www/tag3/index.php(13): CWebApplication->run()
REQUEST_URI=/tag3/index.php?r=schoolIdentification/getCities
in /var/www/tag3/app/controllers/SchoolIdentificationController.php (234)
in /var/www/tag3/index.php (13)
2013/11/26 10:04:28 [error] [php] include(Location.php): failed to open stream: No such file or directory (/var/www/yii/framework/YiiBase.php:421)
Stack trace:
#0 /var/www/tag3/app/controllers/SchoolIdentificationController.php(234): spl_autoload_call()
#1 /var/www/yii/framework/web/actions/CInlineAction.php(49): SchoolIdentificationController->actionGetCities()
#2 /var/www/yii/framework/web/CController.php(308): CInlineAction->runWithParams()
#3 /var/www/yii/framework/web/filters/CFilterChain.php(133): SchoolIdentificationController->runAction()
#4 /var/www/yii/framework/web/filters/CFilter.php(40): CFilterChain->run()
#5 /var/www/yii/framework/web/CController.php(1145): CAccessControlFilter->filter()
#6 /var/www/yii/framework/web/filters/CInlineFilter.php(58): SchoolIdentificationController->filterAccessControl()
#7 /var/www/yii/framework/web/filters/CFilterChain.php(130): CInlineFilter->filter()
#8 /var/www/yii/framework/web/CController.php(291): CFilterChain->run()
#9 /var/www/yii/framework/web/CController.php(265): SchoolIdentificationController->runActionWithFilters()
#10 /var/www/yii/framework/web/CWebApplication.php(282): SchoolIdentificationController->run()
#11 /var/www/yii/framework/web/CWebApplication.php(141): CWebApplication->runController()
#12 /var/www/yii/framework/base/CApplication.php(169): CWebApplication->processRequest()
#13 /var/www/tag3/index.php(13): CWebApplication->run()
REQUEST_URI=/tag3/index.php?r=schoolIdentification/getcities
in /var/www/tag3/app/controllers/SchoolIdentificationController.php (234)
in /var/www/tag3/index.php (13)
2013/11/26 10:18:08 [error] [php] include(Location.php): failed to open stream: No such file or directory (/var/www/yii/framework/YiiBase.php:421)
Stack trace:
#0 /var/www/tag3/app/controllers/SchoolIdentificationController.php(234): spl_autoload_call()
#1 /var/www/yii/framework/web/actions/CInlineAction.php(49): SchoolIdentificationController->actionGetCities()
#2 /var/www/yii/framework/web/CController.php(308): CInlineAction->runWithParams()
#3 /var/www/yii/framework/web/filters/CFilterChain.php(133): SchoolIdentificationController->runAction()
#4 /var/www/yii/framework/web/filters/CFilter.php(40): CFilterChain->run()
#5 /var/www/yii/framework/web/CController.php(1145): CAccessControlFilter->filter()
#6 /var/www/yii/framework/web/filters/CInlineFilter.php(58): SchoolIdentificationController->filterAccessControl()
#7 /var/www/yii/framework/web/filters/CFilterChain.php(130): CInlineFilter->filter()
#8 /var/www/yii/framework/web/CController.php(291): CFilterChain->run()
#9 /var/www/yii/framework/web/CController.php(265): SchoolIdentificationController->runActionWithFilters()
#10 /var/www/yii/framework/web/CWebApplication.php(282): SchoolIdentificationController->run()
#11 /var/www/yii/framework/web/CWebApplication.php(141): CWebApplication->runController()
#12 /var/www/yii/framework/base/CApplication.php(169): CWebApplication->processRequest()
#13 /var/www/tag3/index.php(13): CWebApplication->run()
REQUEST_URI=/tag3/index.php?r=schoolIdentification/getcities
in /var/www/tag3/app/controllers/SchoolIdentificationController.php (234)
in /var/www/tag3/index.php (13)
2013/11/26 10:18:54 [error] [php] include(Location.php): failed to open stream: No such file or directory (/var/www/yii/framework/YiiBase.php:421)
Stack trace:
#0 /var/www/tag3/app/controllers/SchoolIdentificationController.php(234): spl_autoload_call()
#1 /var/www/yii/framework/web/actions/CInlineAction.php(49): SchoolIdentificationController->actionGetCities()
#2 /var/www/yii/framework/web/CController.php(308): CInlineAction->runWithParams()
#3 /var/www/yii/framework/web/filters/CFilterChain.php(133): SchoolIdentificationController->runAction()
#4 /var/www/yii/framework/web/filters/CFilter.php(40): CFilterChain->run()
#5 /var/www/yii/framework/web/CController.php(1145): CAccessControlFilter->filter()
#6 /var/www/yii/framework/web/filters/CInlineFilter.php(58): SchoolIdentificationController->filterAccessControl()
#7 /var/www/yii/framework/web/filters/CFilterChain.php(130): CInlineFilter->filter()
#8 /var/www/yii/framework/web/CController.php(291): CFilterChain->run()
#9 /var/www/yii/framework/web/CController.php(265): SchoolIdentificationController->runActionWithFilters()
#10 /var/www/yii/framework/web/CWebApplication.php(282): SchoolIdentificationController->run()
#11 /var/www/yii/framework/web/CWebApplication.php(141): CWebApplication->runController()
#12 /var/www/yii/framework/base/CApplication.php(169): CWebApplication->processRequest()
#13 /var/www/tag3/index.php(13): CWebApplication->run()
REQUEST_URI=/tag3/index.php?r=schoolIdentification/getcities
in /var/www/tag3/app/controllers/SchoolIdentificationController.php (234)
in /var/www/tag3/index.php (13)
2013/11/26 10:19:05 [error] [php] include(Location.php): failed to open stream: No such file or directory (/var/www/yii/framework/YiiBase.php:421)
Stack trace:
#0 /var/www/tag3/app/controllers/SchoolIdentificationController.php(234): spl_autoload_call()
#1 /var/www/yii/framework/web/actions/CInlineAction.php(49): SchoolIdentificationController->actionGetCities()
#2 /var/www/yii/framework/web/CController.php(308): CInlineAction->runWithParams()
#3 /var/www/yii/framework/web/filters/CFilterChain.php(133): SchoolIdentificationController->runAction()
#4 /var/www/yii/framework/web/filters/CFilter.php(40): CFilterChain->run()
#5 /var/www/yii/framework/web/CController.php(1145): CAccessControlFilter->filter()
#6 /var/www/yii/framework/web/filters/CInlineFilter.php(58): SchoolIdentificationController->filterAccessControl()
#7 /var/www/yii/framework/web/filters/CFilterChain.php(130): CInlineFilter->filter()
#8 /var/www/yii/framework/web/CController.php(291): CFilterChain->run()
#9 /var/www/yii/framework/web/CController.php(265): SchoolIdentificationController->runActionWithFilters()
#10 /var/www/yii/framework/web/CWebApplication.php(282): SchoolIdentificationController->run()
#11 /var/www/yii/framework/web/CWebApplication.php(141): CWebApplication->runController()
#12 /var/www/yii/framework/base/CApplication.php(169): CWebApplication->processRequest()
#13 /var/www/tag3/index.php(13): CWebApplication->run()
REQUEST_URI=/tag3/index.php?r=schoolIdentification/getcities
in /var/www/tag3/app/controllers/SchoolIdentificationController.php (234)
in /var/www/tag3/index.php (13)
2013/11/26 10:19:16 [error] [php] include(Location.php): failed to open stream: No such file or directory (/var/www/yii/framework/YiiBase.php:421)
Stack trace:
#0 /var/www/tag3/app/controllers/SchoolIdentificationController.php(234): spl_autoload_call()
#1 /var/www/yii/framework/web/actions/CInlineAction.php(49): SchoolIdentificationController->actionGetCities()
#2 /var/www/yii/framework/web/CController.php(308): CInlineAction->runWithParams()
#3 /var/www/yii/framework/web/filters/CFilterChain.php(133): SchoolIdentificationController->runAction()
#4 /var/www/yii/framework/web/filters/CFilter.php(40): CFilterChain->run()
#5 /var/www/yii/framework/web/CController.php(1145): CAccessControlFilter->filter()
#6 /var/www/yii/framework/web/filters/CInlineFilter.php(58): SchoolIdentificationController->filterAccessControl()
#7 /var/www/yii/framework/web/filters/CFilterChain.php(130): CInlineFilter->filter()
#8 /var/www/yii/framework/web/CController.php(291): CFilterChain->run()
#9 /var/www/yii/framework/web/CController.php(265): SchoolIdentificationController->runActionWithFilters()
#10 /var/www/yii/framework/web/CWebApplication.php(282): SchoolIdentificationController->run()
#11 /var/www/yii/framework/web/CWebApplication.php(141): CWebApplication->runController()
#12 /var/www/yii/framework/base/CApplication.php(169): CWebApplication->processRequest()
#13 /var/www/tag3/index.php(13): CWebApplication->run()
REQUEST_URI=/tag3/index.php?r=schoolIdentification/getcities
in /var/www/tag3/app/controllers/SchoolIdentificationController.php (234)
in /var/www/tag3/index.php (13)
2013/11/26 10:20:50 [error] [php] Undefined index: edcenso_uf_fk (/var/www/tag3/app/controllers/SchoolIdentificationController.php:235)
Stack trace:
#0 /var/www/yii/framework/web/filters/CFilterChain.php(133): SchoolIdentificationController->runAction()
#1 /var/www/yii/framework/web/filters/CFilter.php(40): CFilterChain->run()
#2 /var/www/yii/framework/web/CController.php(1145): CAccessControlFilter->filter()
#3 /var/www/yii/framework/web/filters/CInlineFilter.php(58): SchoolIdentificationController->filterAccessControl()
#4 /var/www/yii/framework/web/filters/CFilterChain.php(130): CInlineFilter->filter()
#5 /var/www/yii/framework/web/CController.php(291): CFilterChain->run()
#6 /var/www/yii/framework/web/CController.php(265): SchoolIdentificationController->runActionWithFilters()
#7 /var/www/yii/framework/web/CWebApplication.php(282): SchoolIdentificationController->run()
#8 /var/www/yii/framework/web/CWebApplication.php(141): CWebApplication->runController()
#9 /var/www/yii/framework/base/CApplication.php(169): CWebApplication->processRequest()
#10 /var/www/tag3/index.php(13): CWebApplication->run()
REQUEST_URI=/tag3/index.php?r=schoolIdentification/getcities
in /var/www/tag3/app/controllers/SchoolIdentificationController.php (235)
in /var/www/tag3/index.php (13)
2013/11/26 10:21:21 [error] [php] Undefined index: SchoolIdentification[edcenso_uf_fk] (/var/www/tag3/app/controllers/SchoolIdentificationController.php:235)
Stack trace:
#0 /var/www/yii/framework/web/filters/CFilterChain.php(133): SchoolIdentificationController->runAction()
#1 /var/www/yii/framework/web/filters/CFilter.php(40): CFilterChain->run()
#2 /var/www/yii/framework/web/CController.php(1145): CAccessControlFilter->filter()
#3 /var/www/yii/framework/web/filters/CInlineFilter.php(58): SchoolIdentificationController->filterAccessControl()
#4 /var/www/yii/framework/web/filters/CFilterChain.php(130): CInlineFilter->filter()
#5 /var/www/yii/framework/web/CController.php(291): CFilterChain->run()
#6 /var/www/yii/framework/web/CController.php(265): SchoolIdentificationController->runActionWithFilters()
#7 /var/www/yii/framework/web/CWebApplication.php(282): SchoolIdentificationController->run()
#8 /var/www/yii/framework/web/CWebApplication.php(141): CWebApplication->runController()
#9 /var/www/yii/framework/base/CApplication.php(169): CWebApplication->processRequest()
#10 /var/www/tag3/index.php(13): CWebApplication->run()
REQUEST_URI=/tag3/index.php?r=schoolIdentification/getcities
in /var/www/tag3/app/controllers/SchoolIdentificationController.php (235)
in /var/www/tag3/index.php (13)
2013/11/26 10:22:02 [error] [php] Undefined index: SchoolIdentification[edcenso_uf_fk] (/var/www/tag3/app/controllers/SchoolIdentificationController.php:235)
Stack trace:
#0 /var/www/yii/framework/web/filters/CFilterChain.php(133): SchoolIdentificationController->runAction()
#1 /var/www/yii/framework/web/filters/CFilter.php(40): CFilterChain->run()
#2 /var/www/yii/framework/web/CController.php(1145): CAccessControlFilter->filter()
#3 /var/www/yii/framework/web/filters/CInlineFilter.php(58): SchoolIdentificationController->filterAccessControl()
#4 /var/www/yii/framework/web/filters/CFilterChain.php(130): CInlineFilter->filter()
#5 /var/www/yii/framework/web/CController.php(291): CFilterChain->run()
#6 /var/www/yii/framework/web/CController.php(265): SchoolIdentificationController->runActionWithFilters()
#7 /var/www/yii/framework/web/CWebApplication.php(282): SchoolIdentificationController->run()
#8 /var/www/yii/framework/web/CWebApplication.php(141): CWebApplication->runController()
#9 /var/www/yii/framework/base/CApplication.php(169): CWebApplication->processRequest()
#10 /var/www/tag3/index.php(13): CWebApplication->run()
REQUEST_URI=/tag3/index.php?r=schoolIdentification/getcities
in /var/www/tag3/app/controllers/SchoolIdentificationController.php (235)
in /var/www/tag3/index.php (13)
2013/11/26 10:23:37 [error] [php] Undefined index: SchoolIdentification["edcenso_uf_fk"] (/var/www/tag3/app/controllers/SchoolIdentificationController.php:235)
Stack trace:
#0 /var/www/yii/framework/web/filters/CFilterChain.php(133): SchoolIdentificationController->runAction()
#1 /var/www/yii/framework/web/filters/CFilter.php(40): CFilterChain->run()
#2 /var/www/yii/framework/web/CController.php(1145): CAccessControlFilter->filter()
#3 /var/www/yii/framework/web/filters/CInlineFilter.php(58): SchoolIdentificationController->filterAccessControl()
#4 /var/www/yii/framework/web/filters/CFilterChain.php(130): CInlineFilter->filter()
#5 /var/www/yii/framework/web/CController.php(291): CFilterChain->run()
#6 /var/www/yii/framework/web/CController.php(265): SchoolIdentificationController->runActionWithFilters()
#7 /var/www/yii/framework/web/CWebApplication.php(282): SchoolIdentificationController->run()
#8 /var/www/yii/framework/web/CWebApplication.php(141): CWebApplication->runController()
#9 /var/www/yii/framework/base/CApplication.php(169): CWebApplication->processRequest()
#10 /var/www/tag3/index.php(13): CWebApplication->run()
REQUEST_URI=/tag3/index.php?r=schoolIdentification/getcities
in /var/www/tag3/app/controllers/SchoolIdentificationController.php (235)
in /var/www/tag3/index.php (13)
2013/11/26 10:26:23 [error] [php] Undefined index: SchoolIdentification["edcenso_uf_fk"] (/var/www/tag3/app/controllers/SchoolIdentificationController.php:235)
Stack trace:
#0 /var/www/yii/framework/web/filters/CFilterChain.php(133): SchoolIdentificationController->runAction()
#1 /var/www/yii/framework/web/filters/CFilter.php(40): CFilterChain->run()
#2 /var/www/yii/framework/web/CController.php(1145): CAccessControlFilter->filter()
#3 /var/www/yii/framework/web/filters/CInlineFilter.php(58): SchoolIdentificationController->filterAccessControl()
#4 /var/www/yii/framework/web/filters/CFilterChain.php(130): CInlineFilter->filter()
#5 /var/www/yii/framework/web/CController.php(291): CFilterChain->run()
#6 /var/www/yii/framework/web/CController.php(265): SchoolIdentificationController->runActionWithFilters()
#7 /var/www/yii/framework/web/CWebApplication.php(282): SchoolIdentificationController->run()
#8 /var/www/yii/framework/web/CWebApplication.php(141): CWebApplication->runController()
#9 /var/www/yii/framework/base/CApplication.php(169): CWebApplication->processRequest()
#10 /var/www/tag3/index.php(13): CWebApplication->run()
REQUEST_URI=/tag3/index.php?r=schoolIdentification/getcities
in /var/www/tag3/app/controllers/SchoolIdentificationController.php (235)
in /var/www/tag3/index.php (13)
2013/11/26 10:26:49 [error] [php] Undefined index: SchoolIdentification["edcenso_uf_fk"] (/var/www/tag3/app/controllers/SchoolIdentificationController.php:237)
Stack trace:
#0 /var/www/yii/framework/web/filters/CFilterChain.php(133): SchoolIdentificationController->runAction()
#1 /var/www/yii/framework/web/filters/CFilter.php(40): CFilterChain->run()
#2 /var/www/yii/framework/web/CController.php(1145): CAccessControlFilter->filter()
#3 /var/www/yii/framework/web/filters/CInlineFilter.php(58): SchoolIdentificationController->filterAccessControl()
#4 /var/www/yii/framework/web/filters/CFilterChain.php(130): CInlineFilter->filter()
#5 /var/www/yii/framework/web/CController.php(291): CFilterChain->run()
#6 /var/www/yii/framework/web/CController.php(265): SchoolIdentificationController->runActionWithFilters()
#7 /var/www/yii/framework/web/CWebApplication.php(282): SchoolIdentificationController->run()
#8 /var/www/yii/framework/web/CWebApplication.php(141): CWebApplication->runController()
#9 /var/www/yii/framework/base/CApplication.php(169): CWebApplication->processRequest()
#10 /var/www/tag3/index.php(13): CWebApplication->run()
REQUEST_URI=/tag3/index.php?r=schoolIdentification/getcities
in /var/www/tag3/app/controllers/SchoolIdentificationController.php (237)
in /var/www/tag3/index.php (13)
2013/11/26 10:27:23 [error] [php] Undefined index: SchoolIdentification["edcenso_uf_fk"] (/var/www/tag3/app/controllers/SchoolIdentificationController.php:238)
Stack trace:
#0 /var/www/yii/framework/web/filters/CFilterChain.php(133): SchoolIdentificationController->runAction()
#1 /var/www/yii/framework/web/filters/CFilter.php(40): CFilterChain->run()
#2 /var/www/yii/framework/web/CController.php(1145): CAccessControlFilter->filter()
#3 /var/www/yii/framework/web/filters/CInlineFilter.php(58): SchoolIdentificationController->filterAccessControl()
#4 /var/www/yii/framework/web/filters/CFilterChain.php(130): CInlineFilter->filter()
#5 /var/www/yii/framework/web/CController.php(291): CFilterChain->run()
#6 /var/www/yii/framework/web/CController.php(265): SchoolIdentificationController->runActionWithFilters()
#7 /var/www/yii/framework/web/CWebApplication.php(282): SchoolIdentificationController->run()
#8 /var/www/yii/framework/web/CWebApplication.php(141): CWebApplication->runController()
#9 /var/www/yii/framework/base/CApplication.php(169): CWebApplication->processRequest()
#10 /var/www/tag3/index.php(13): CWebApplication->run()
REQUEST_URI=/tag3/index.php?r=schoolIdentification/getcities
in /var/www/tag3/app/controllers/SchoolIdentificationController.php (238)
in /var/www/tag3/index.php (13)
2013/11/26 10:50:00 [error] [exception.CException] exception 'CException' with message 'Property "SchoolIdentification.edcenso_city_fk2" is not defined.' in /var/www/yii/framework/base/CComponent.php:130
Stack trace:
#0 /var/www/yii/framework/db/ar/CActiveRecord.php(143): CComponent->__get('edcenso_city_fk...')
#1 /var/www/yii/framework/web/helpers/CHtml.php(2255): CActiveRecord->__get('edcenso_city_fk...')
#2 /var/www/yii/framework/web/helpers/CHtml.php(1980): CHtml::resolveValue(Object(SchoolIdentification), 'edcenso_city_fk...')
#3 /var/www/yii/framework/web/helpers/CHtml.php(1372): CHtml::activeInputField('hidden', Object(SchoolIdentification), 'edcenso_city_fk...', Array)
#4 /var/www/yii/framework/web/widgets/CActiveForm.php(672): CHtml::activeHiddenField(Object(SchoolIdentification), 'edcenso_city_fk...', Array)
#5 /var/www/tag3/app/views/schoolIdentification/_form.php(124): CActiveForm->hiddenField(Object(SchoolIdentification), 'edcenso_city_fk...')
#6 /var/www/yii/framework/web/CBaseController.php(126): require('/var/www/tag3/a...')
#7 /var/www/yii/framework/web/CBaseController.php(95): CBaseController->renderInternal('/var/www/tag3/a...', Array, true)
#8 /var/www/yii/framework/web/CController.php(869): CBaseController->renderFile('/var/www/tag3/a...', Array, true)
#9 /var/www/tag3/app/views/schoolIdentification/update.php(26): CController->renderPartial('_form', Array)
#10 /var/www/yii/framework/web/CBaseController.php(126): require('/var/www/tag3/a...')
#11 /var/www/yii/framework/web/CBaseController.php(95): CBaseController->renderInternal('/var/www/tag3/a...', Array, true)
#12 /var/www/yii/framework/web/CController.php(869): CBaseController->renderFile('/var/www/tag3/a...', Array, true)
#13 /var/www/yii/framework/web/CController.php(782): CController->renderPartial('update', Array, true)
#14 /var/www/tag3/app/controllers/SchoolIdentificationController.php(300): CController->render('update', Array)
#15 [internal function]: SchoolIdentificationController->actionUpdate('28025911')
#16 /var/www/yii/framework/web/actions/CAction.php(108): ReflectionMethod->invokeArgs(Object(SchoolIdentificationController), Array)
#17 /var/www/yii/framework/web/actions/CInlineAction.php(47): CAction->runWithParamsInternal(Object(SchoolIdentificationController), Object(ReflectionMethod), Array)
#18 /var/www/yii/framework/web/CController.php(308): CInlineAction->runWithParams(Array)
#19 /var/www/yii/framework/web/filters/CFilterChain.php(133): CController->runAction(Object(CInlineAction))
#20 /var/www/yii/framework/web/filters/CFilter.php(40): CFilterChain->run()
#21 /var/www/yii/framework/web/CController.php(1145): CFilter->filter(Object(CFilterChain))
#22 /var/www/yii/framework/web/filters/CInlineFilter.php(58): CController->filterAccessControl(Object(CFilterChain))
#23 /var/www/yii/framework/web/filters/CFilterChain.php(130): CInlineFilter->filter(Object(CFilterChain))
#24 /var/www/yii/framework/web/CController.php(291): CFilterChain->run()
#25 /var/www/yii/framework/web/CController.php(265): CController->runActionWithFilters(Object(CInlineAction), Array)
#26 /var/www/yii/framework/web/CWebApplication.php(282): CController->run('update')
#27 /var/www/yii/framework/web/CWebApplication.php(141): CWebApplication->runController('schoolIdentific...')
#28 /var/www/yii/framework/base/CApplication.php(169): CWebApplication->processRequest()
#29 /var/www/tag3/index.php(13): CApplication->run()
#30 {main}
REQUEST_URI=/tag3/index.php?r=schoolIdentification/update&id=28025911
HTTP_REFERER=http://localhost/tag3/index.php?r=site/login
---
2013/11/26 10:50:24 [error] [php] Object of class SchoolIdentification could not be converted to string (/var/www/yii/framework/web/helpers/CHtml.php:1918)
Stack trace:
#0 /var/www/yii/framework/web/helpers/CHtml.php(593): inputField()
#1 /var/www/tag3/app/views/schoolIdentification/_form.php(124): hiddenField()
#2 /var/www/yii/framework/web/CBaseController.php(126): require()
#3 /var/www/yii/framework/web/CBaseController.php(95): SchoolIdentificationController->renderInternal()
#4 /var/www/yii/framework/web/CController.php(869): SchoolIdentificationController->renderFile()
#5 /var/www/tag3/app/views/schoolIdentification/update.php(26): SchoolIdentificationController->renderPartial()
#6 /var/www/yii/framework/web/CBaseController.php(126): require()
#7 /var/www/yii/framework/web/CBaseController.php(95): SchoolIdentificationController->renderInternal()
#8 /var/www/yii/framework/web/CController.php(869): SchoolIdentificationController->renderFile()
#9 /var/www/yii/framework/web/CController.php(782): SchoolIdentificationController->renderPartial()
#10 /var/www/tag3/app/controllers/SchoolIdentificationController.php(300): SchoolIdentificationController->render()
#11 unknown(0): SchoolIdentificationController->actionUpdate()
#12 /var/www/yii/framework/web/actions/CAction.php(108): ReflectionMethod->invokeArgs()
#13 /var/www/yii/framework/web/actions/CInlineAction.php(47): CInlineAction->runWithParamsInternal()
#14 /var/www/yii/framework/web/CController.php(308): CInlineAction->runWithParams()
#15 /var/www/yii/framework/web/filters/CFilterChain.php(133): SchoolIdentificationController->runAction()
#16 /var/www/yii/framework/web/filters/CFilter.php(40): CFilterChain->run()
#17 /var/www/yii/framework/web/CController.php(1145): CAccessControlFilter->filter()
#18 /var/www/yii/framework/web/filters/CInlineFilter.php(58): SchoolIdentificationController->filterAccessControl()
#19 /var/www/yii/framework/web/filters/CFilterChain.php(130): CInlineFilter->filter()
#20 /var/www/yii/framework/web/CController.php(291): CFilterChain->run()
#21 /var/www/yii/framework/web/CController.php(265): SchoolIdentificationController->runActionWithFilters()
#22 /var/www/yii/framework/web/CWebApplication.php(282): SchoolIdentificationController->run()
#23 /var/www/yii/framework/web/CWebApplication.php(141): CWebApplication->runController()
#24 /var/www/yii/framework/base/CApplication.php(169): CWebApplication->processRequest()
#25 /var/www/tag3/index.php(13): CWebApplication->run()
REQUEST_URI=/tag3/index.php?r=schoolIdentification/update&id=28025911
in /var/www/tag3/app/views/schoolIdentification/_form.php (124)
in /var/www/tag3/app/views/schoolIdentification/update.php (26)
in /var/www/tag3/app/controllers/SchoolIdentificationController.php (300)
